::1 - - [03/Dec/2025:15:48:59 +0100] "GET /mysql/ HTTP/1.1" 200 3087
::1 - - [03/Dec/2025:15:49:00 +0100] "GET /mysql/themes/pmahomme/jquery/jquery-ui-1.11.2.css HTTP/1.1" 200 35212
::1 - - [03/Dec/2025:15:49:00 +0100] "GET /mysql/js/codemirror/lib/codemirror.css?v=4.5.4.1 HTTP/1.1" 200 7771
::1 - - [03/Dec/2025:15:49:00 +0100] "GET /mysql/js/codemirror/addon/hint/show-hint.css?v=4.5.4.1 HTTP/1.1" 200 662
::1 - - [03/Dec/2025:15:49:00 +0100] "GET /mysql/js/codemirror/addon/lint/lint.css?v=4.5.4.1 HTTP/1.1" 200 3068
::1 - - [03/Dec/2025:15:49:00 +0100] "GET /mysql/themes/pmahomme/css/printview.css?v=4.5.4.1 HTTP/1.1" 200 3082
::1 - - [03/Dec/2025:15:49:00 +0100] "GET /mysql/js/whitelist.php?lang=fr&db=&collation_connection=utf8_unicode_ci&token=815f3a93a3b504a26edeb44a56f6a27a&v=4.5.4.1 HTTP/1.1" 200 482
::1 - - [03/Dec/2025:15:49:00 +0100] "GET /mysql/themes/pmahomme/img/logo_right.png HTTP/1.1" 200 4548
::1 - - [03/Dec/2025:15:49:00 +0100] "GET /mysql/themes/dot.gif HTTP/1.1" 200 43
::1 - - [03/Dec/2025:15:49:00 +0100] "GET /mysql/phpmyadmin.css.php?nocache=5294320306ltr HTTP/1.1" 200 20076
::1 - - [03/Dec/2025:15:49:00 +0100] "GET /mysql/js/get_scripts.js.php?scripts%5B%5D=jquery/jquery-1.11.1.min.js&scripts%5B%5D=sprintf.js&scripts%5B%5D=ajax.js&scripts%5B%5D=keyhandler.js&scripts%5B%5D=jquery/jquery-ui-1.11.2.min.js&scripts%5B%5D=jquery/jquery.cookie.js&scripts%5B%5D=jquery/jquery.mousewheel.js&scripts%5B%5D=jquery/jquery.event.drag-2.2.js&scripts%5B%5D=jquery/jquery-ui-timepicker-addon.js&scripts%5B%5D=jquery/jquery.ba-hashchange-1.3.js&scripts%5B%5D=jquery/jquery.debounce-1.0.5.js&scripts%5B%5D=menu-resizer.js&scripts%5B%5D=cross_framing_protection.js&scripts%5B%5D=rte.js&scripts%5B%5D=tracekit/tracekit.js&scripts%5B%5D=error_report.js&scripts%5B%5D=doclinks.js&scripts%5B%5D=functions.js&scripts%5B%5D=navigation.js&scripts%5B%5D=indexes.js&v=4.5.4.1 HTTP/1.1" 200 216429
::1 - - [03/Dec/2025:15:49:00 +0100] "GET /mysql/js/get_scripts.js.php?scripts%5B%5D=common.js&scripts%5B%5D=config.js&scripts%5B%5D=page_settings.js&scripts%5B%5D=codemirror/lib/codemirror.js&scripts%5B%5D=codemirror/mode/sql/sql.js&scripts%5B%5D=codemirror/addon/runmode/runmode.js&scripts%5B%5D=codemirror/addon/hint/show-hint.js&scripts%5B%5D=codemirror/addon/hint/sql-hint.js&scripts%5B%5D=codemirror/addon/lint/lint.js&scripts%5B%5D=codemirror/addon/lint/sql-lint.js&scripts%5B%5D=console.js&v=4.5.4.1 HTTP/1.1" 200 129440
::1 - - [03/Dec/2025:15:49:00 +0100] "GET /mysql/js/messages.php?lang=fr&db=&collation_connection=utf8_unicode_ci&token=815f3a93a3b504a26edeb44a56f6a27a&v=4.5.4.1 HTTP/1.1" 200 9507
::1 - - [03/Dec/2025:15:49:00 +0100] "GET /mysql/js/get_image.js.php?theme=pmahomme&v=4.5.4.1 HTTP/1.1" 200 1822
::1 - - [03/Dec/2025:15:49:00 +0100] "GET /mysql/themes/pmahomme/img/sprites.png?v=4.5.4.1 HTTP/1.1" 200 46795
::1 - - [03/Dec/2025:15:49:00 +0100] "GET /mysql/favicon.ico HTTP/1.1" 200 22486
::1 - - [03/Dec/2025:15:49:05 +0100] "POST /mysql/index.php HTTP/1.1" 302 25
::1 - - [03/Dec/2025:15:49:05 +0100] "GET /mysql/index.php?token=815f3a93a3b504a26edeb44a56f6a27a HTTP/1.1" 200 13362
::1 - - [03/Dec/2025:15:49:05 +0100] "GET /mysql/themes/pmahomme/jquery/jquery-ui-1.11.2.css HTTP/1.1" 304 -
::1 - - [03/Dec/2025:15:49:05 +0100] "GET /mysql/themes/pmahomme/css/printview.css?v=4.5.4.1 HTTP/1.1" 304 -
::1 - - [03/Dec/2025:15:49:05 +0100] "GET /mysql/themes/dot.gif HTTP/1.1" 304 -
::1 - - [03/Dec/2025:15:49:05 +0100] "GET /mysql/themes/pmahomme/img/logo_left.png HTTP/1.1" 200 2327
::1 - - [03/Dec/2025:15:49:05 +0100] "GET /mysql/phpmyadmin.css.php?nocache=7059093651ltr HTTP/1.1" 200 20076
::1 - - [03/Dec/2025:15:49:05 +0100] "GET /mysql/js/whitelist.php?lang=fr&db=&token=815f3a93a3b504a26edeb44a56f6a27a&v=4.5.4.1 HTTP/1.1" 200 482
::1 - - [03/Dec/2025:15:49:05 +0100] "GET /mysql/themes/pmahomme/img/ajax_clock_small.gif HTTP/1.1" 200 1810
::1 - - [03/Dec/2025:15:49:05 +0100] "GET /mysql/themes/pmahomme/img/s_collapseall.png HTTP/1.1" 200 170
::1 - - [03/Dec/2025:15:49:05 +0100] "GET /mysql/js/messages.php?lang=fr&db=&token=815f3a93a3b504a26edeb44a56f6a27a&v=4.5.4.1 HTTP/1.1" 200 9507
::1 - - [03/Dec/2025:15:49:05 +0100] "GET /mysql/themes/pmahomme/img/sprites.png?v=4.5.4.1 HTTP/1.1" 304 -
::1 - - [03/Dec/2025:15:49:05 +0100] "GET /mysql/themes/pmahomme/img/left_nav_bg.png HTTP/1.1" 200 297
::1 - - [03/Dec/2025:15:49:05 +0100] "POST /mysql/db_structure.php?ajax_request=1&favorite_table=1&sync_favorite_tables=1&token=815f3a93a3b504a26edeb44a56f6a27a HTTP/1.1" 200 164
::1 - - [03/Dec/2025:15:49:05 +0100] "GET /mysql/version_check.php?server=1&_nocache=1764773345996561127 HTTP/1.1" 200 40
::1 - - [03/Dec/2025:15:50:41 +0100] "GET /mysql/db_structure.php?server=1&db=mysql&token=815f3a93a3b504a26edeb44a56f6a27a&ajax_request=true&ajax_page_request=true&_nocache=1764773441510662156 HTTP/1.1" 200 9812
::1 - - [03/Dec/2025:15:50:41 +0100] "GET /mysql/themes/dot.gif HTTP/1.1" 304 -
::1 - - [03/Dec/2025:15:50:41 +0100] "GET /mysql/themes/pmahomme/img/ajax_clock_small.gif HTTP/1.1" 304 -
::1 - - [03/Dec/2025:15:50:41 +0100] "GET /mysql/themes/pmahomme/img/arrow_ltr.png HTTP/1.1" 200 139
::1 - - [03/Dec/2025:15:50:41 +0100] "GET /mysql/js/get_scripts.js.php?scripts%5B%5D=db_structure.js&scripts%5B%5D=tbl_change.js&call_done=1&v=4.5.4.1 HTTP/1.1" 200 10265
::1 - - [03/Dec/2025:15:50:41 +0100] "GET /mysql/navigation.php?ajax_request=1&token=815f3a93a3b504a26edeb44a56f6a27a&aPath=cm9vdA%3D%3D.bXlzcWw%3D&vPath=cm9vdA%3D%3D.bXlzcWw%3D&pos=0&pos2_name=&pos2_value=&searchClause=&searchClause2=&_nocache=1764773441950681792 HTTP/1.1" 200 3293
::1 - - [03/Dec/2025:15:50:42 +0100] "POST /mysql/navigation.php?ajax_request=1&token=815f3a93a3b504a26edeb44a56f6a27a HTTP/1.1" 200 2097
::1 - - [03/Dec/2025:15:50:42 +0100] "GET /mysql/themes/pmahomme/img/s_collapseall.png HTTP/1.1" 304 -
::1 - - [03/Dec/2025:15:50:42 +0100] "GET /mysql/navigation.php?ajax_request=1&token=815f3a93a3b504a26edeb44a56f6a27a&aPath=cm9vdA%3D%3D.bXlzcWw%3D&vPath=cm9vdA%3D%3D.bXlzcWw%3D&pos=0&pos2_name=&pos2_value=&searchClause=&searchClause2=&_nocache=1764773442471345105 HTTP/1.1" 200 3293
::1 - - [03/Dec/2025:15:50:44 +0100] "GET /mysql/db_sql.php?db=mysql&token=815f3a93a3b504a26edeb44a56f6a27a&ajax_request=true&ajax_page_request=true&_nocache=1764773444261606497 HTTP/1.1" 200 4670
::1 - - [03/Dec/2025:15:50:44 +0100] "GET /mysql/js/get_scripts.js.php?scripts%5B%5D=makegrid.js&scripts%5B%5D=jquery/jquery.uitablefilter.js&scripts%5B%5D=sql.js&call_done=1&v=4.5.4.1 HTTP/1.1" 200 26517
::1 - - [03/Dec/2025:15:50:46 +0100] "POST /mysql/db_sql_autocomplete.php HTTP/1.1" 200 5525
::1 - - [03/Dec/2025:15:50:46 +0100] "POST /mysql/lint.php HTTP/1.1" 200 28
::1 - - [03/Dec/2025:15:50:49 +0100] "POST /mysql/import.php HTTP/1.1" 200 2386
::1 - - [03/Dec/2025:16:14:40 +0100] "POST /mysql/index.php HTTP/1.1" 200 1543
::1 - - [10/Dec/2025:12:19:41 +0100] "GET /mysql/ HTTP/1.1" 200 3061
::1 - - [10/Dec/2025:12:19:44 +0100] "GET /mysql/js/codemirror/addon/hint/show-hint.css?v=4.5.4.1 HTTP/1.1" 304 -
::1 - - [10/Dec/2025:12:19:44 +0100] "GET /mysql/js/codemirror/lib/codemirror.css?v=4.5.4.1 HTTP/1.1" 304 -
::1 - - [10/Dec/2025:12:19:44 +0100] "GET /mysql/themes/pmahomme/jquery/jquery-ui-1.11.2.css HTTP/1.1" 304 -
::1 - - [10/Dec/2025:12:19:44 +0100] "GET /mysql/themes/pmahomme/css/printview.css?v=4.5.4.1 HTTP/1.1" 304 -
::1 - - [10/Dec/2025:12:19:44 +0100] "GET /mysql/js/codemirror/addon/lint/lint.css?v=4.5.4.1 HTTP/1.1" 304 -
::1 - - [10/Dec/2025:12:19:44 +0100] "GET /mysql/js/get_scripts.js.php?scripts%5B%5D=jquery/jquery-1.11.1.min.js&scripts%5B%5D=sprintf.js&scripts%5B%5D=ajax.js&scripts%5B%5D=keyhandler.js&scripts%5B%5D=jquery/jquery-ui-1.11.2.min.js&scripts%5B%5D=jquery/jquery.cookie.js&scripts%5B%5D=jquery/jquery.mousewheel.js&scripts%5B%5D=jquery/jquery.event.drag-2.2.js&scripts%5B%5D=jquery/jquery-ui-timepicker-addon.js&scripts%5B%5D=jquery/jquery.ba-hashchange-1.3.js&scripts%5B%5D=jquery/jquery.debounce-1.0.5.js&scripts%5B%5D=menu-resizer.js&scripts%5B%5D=cross_framing_protection.js&scripts%5B%5D=rte.js&scripts%5B%5D=tracekit/tracekit.js&scripts%5B%5D=error_report.js&scripts%5B%5D=doclinks.js&scripts%5B%5D=functions.js&scripts%5B%5D=navigation.js&scripts%5B%5D=indexes.js&v=4.5.4.1 HTTP/1.1" 200 216429
::1 - - [10/Dec/2025:12:19:45 +0100] "GET /mysql/themes/pmahomme/img/logo_right.png HTTP/1.1" 304 -
::1 - - [10/Dec/2025:12:19:45 +0100] "GET /mysql/themes/dot.gif HTTP/1.1" 304 -
::1 - - [10/Dec/2025:12:19:44 +0100] "GET /mysql/js/messages.php?lang=fr&db=&token=4dc8a6007360f66c0af467be9ab70c4e&v=4.5.4.1 HTTP/1.1" 200 9507
::1 - - [10/Dec/2025:12:19:44 +0100] "GET /mysql/phpmyadmin.css.php?nocache=5294320306ltr HTTP/1.1" 200 20076
::1 - - [10/Dec/2025:12:19:44 +0100] "GET /mysql/js/get_scripts.js.php?scripts%5B%5D=common.js&scripts%5B%5D=config.js&scripts%5B%5D=page_settings.js&scripts%5B%5D=codemirror/lib/codemirror.js&scripts%5B%5D=codemirror/mode/sql/sql.js&scripts%5B%5D=codemirror/addon/runmode/runmode.js&scripts%5B%5D=codemirror/addon/hint/show-hint.js&scripts%5B%5D=codemirror/addon/hint/sql-hint.js&scripts%5B%5D=codemirror/addon/lint/lint.js&scripts%5B%5D=codemirror/addon/lint/sql-lint.js&scripts%5B%5D=console.js&v=4.5.4.1 HTTP/1.1" 200 129440
::1 - - [10/Dec/2025:12:19:44 +0100] "GET /mysql/js/whitelist.php?lang=fr&db=&token=4dc8a6007360f66c0af467be9ab70c4e&v=4.5.4.1 HTTP/1.1" 200 482
::1 - - [10/Dec/2025:12:19:44 +0100] "GET /mysql/js/get_image.js.php?theme=pmahomme&v=4.5.4.1 HTTP/1.1" 200 1822
::1 - - [10/Dec/2025:12:19:47 +0100] "GET /mysql/themes/pmahomme/img/sprites.png?v=4.5.4.1 HTTP/1.1" 304 -
::1 - - [10/Dec/2025:12:19:52 +0100] "POST /mysql/index.php HTTP/1.1" 302 25
::1 - - [10/Dec/2025:12:19:53 +0100] "GET /mysql/index.php?token=4dc8a6007360f66c0af467be9ab70c4e HTTP/1.1" 200 13404
::1 - - [10/Dec/2025:12:19:54 +0100] "GET /mysql/themes/pmahomme/img/logo_left.png HTTP/1.1" 304 -
::1 - - [10/Dec/2025:12:19:54 +0100] "GET /mysql/themes/pmahomme/img/ajax_clock_small.gif HTTP/1.1" 304 -
::1 - - [10/Dec/2025:12:19:54 +0100] "GET /mysql/themes/pmahomme/img/s_collapseall.png HTTP/1.1" 304 -
::1 - - [10/Dec/2025:12:19:54 +0100] "GET /mysql/phpmyadmin.css.php?nocache=7059685899ltr HTTP/1.1" 200 20076
::1 - - [10/Dec/2025:12:19:54 +0100] "GET /mysql/themes/pmahomme/img/left_nav_bg.png HTTP/1.1" 304 -
::1 - - [10/Dec/2025:12:19:54 +0100] "POST /mysql/db_structure.php?ajax_request=1&favorite_table=1&sync_favorite_tables=1&token=4dc8a6007360f66c0af467be9ab70c4e HTTP/1.1" 200 164
::1 - - [10/Dec/2025:12:19:54 +0100] "GET /mysql/version_check.php?server=1&_nocache=176536559441878073 HTTP/1.1" 200 40
::1 - - [10/Dec/2025:12:20:23 +0100] "GET /mysql/db_structure.php?server=1&db=schooldb&token=4dc8a6007360f66c0af467be9ab70c4e&ajax_request=true&ajax_page_request=true&_nocache=176536562323346517 HTTP/1.1" 200 5086
::1 - - [10/Dec/2025:12:20:24 +0100] "GET /mysql/themes/pmahomme/img/arrow_ltr.png HTTP/1.1" 304 -
::1 - - [10/Dec/2025:12:20:24 +0100] "GET /mysql/js/get_scripts.js.php?scripts%5B%5D=db_structure.js&scripts%5B%5D=tbl_change.js&call_done=1&v=4.5.4.1 HTTP/1.1" 200 10265
::1 - - [10/Dec/2025:12:20:24 +0100] "GET /mysql/navigation.php?ajax_request=1&token=4dc8a6007360f66c0af467be9ab70c4e&aPath=cm9vdA%3D%3D.c2Nob29sZGI%3D&vPath=cm9vdA%3D%3D.c2Nob29sZGI%3D&pos=0&pos2_name=&pos2_value=&searchClause=&searchClause2=&_nocache=1765365624448143135 HTTP/1.1" 200 1913
::1 - - [10/Dec/2025:12:20:24 +0100] "POST /mysql/navigation.php?ajax_request=1&token=4dc8a6007360f66c0af467be9ab70c4e HTTP/1.1" 200 2135
::1 - - [10/Dec/2025:12:20:25 +0100] "GET /mysql/navigation.php?ajax_request=1&token=4dc8a6007360f66c0af467be9ab70c4e&aPath=cm9vdA%3D%3D.c2Nob29sZGI%3D&vPath=cm9vdA%3D%3D.c2Nob29sZGI%3D&pos=0&pos2_name=&pos2_value=&searchClause=&searchClause2=&_nocache=1765365625149701081 HTTP/1.1" 200 1913
::1 - - [10/Dec/2025:12:26:22 +0100] "GET /mysql/server_databases.php?server=1&token=4dc8a6007360f66c0af467be9ab70c4e&ajax_request=true&ajax_page_request=true&_nocache=1765365982076517064 HTTP/1.1" 200 5896
::1 - - [10/Dec/2025:12:26:22 +0100] "GET /mysql/js/get_scripts.js.php?scripts%5B%5D=server_databases.js&call_done=1&v=4.5.4.1 HTTP/1.1" 200 1707
::1 - - [10/Dec/2025:12:26:22 +0100] "POST /mysql/navigation.php?ajax_request=1&token=4dc8a6007360f66c0af467be9ab70c4e HTTP/1.1" 200 2524
::1 - - [10/Dec/2025:12:26:53 +0100] "POST /mysql/db_create.php HTTP/1.1" 200 2068
::1 - - [10/Dec/2025:12:26:54 +0100] "POST /mysql/navigation.php?ajax_request=1&token=4dc8a6007360f66c0af467be9ab70c4e HTTP/1.1" 200 2568
::1 - - [10/Dec/2025:12:26:54 +0100] "GET /mysql/db_structure.php?db=user_system&token=4dc8a6007360f66c0af467be9ab70c4e&db=user_system&ajax_request=true&ajax_page_request=true&_nocache=1765366014147754126 HTTP/1.1" 200 2838
::1 - - [10/Dec/2025:12:26:54 +0100] "GET /mysql/navigation.php?ajax_request=1&token=4dc8a6007360f66c0af467be9ab70c4e&aPath=cm9vdA%3D%3D.dXNlcl9zeXN0ZW0%3D&vPath=cm9vdA%3D%3D.dXNlcl9zeXN0ZW0%3D&pos=0&pos2_name=&pos2_value=&searchClause=&searchClause2=&_nocache=1765366014567415135 HTTP/1.1" 200 1403
::1 - - [10/Dec/2025:12:27:01 +0100] "GET /mysql/db_sql.php?db=user_system&token=4dc8a6007360f66c0af467be9ab70c4e&ajax_request=true&ajax_page_request=true&_nocache=1765366021288388732 HTTP/1.1" 200 4676
::1 - - [10/Dec/2025:12:27:01 +0100] "GET /mysql/js/get_scripts.js.php?scripts%5B%5D=makegrid.js&scripts%5B%5D=jquery/jquery.uitablefilter.js&scripts%5B%5D=sql.js&call_done=1&v=4.5.4.1 HTTP/1.1" 200 26517
::1 - - [10/Dec/2025:12:27:03 +0100] "POST /mysql/db_sql_autocomplete.php HTTP/1.1" 200 1551
::1 - - [10/Dec/2025:12:27:03 +0100] "POST /mysql/lint.php HTTP/1.1" 200 28
::1 - - [10/Dec/2025:12:27:05 +0100] "POST /mysql/import.php HTTP/1.1" 200 2239
::1 - - [10/Dec/2025:12:27:05 +0100] "POST /mysql/navigation.php?ajax_request=1&token=4dc8a6007360f66c0af467be9ab70c4e HTTP/1.1" 200 2624
::1 - - [10/Dec/2025:12:31:52 +0100] "GET /mysql/ HTTP/1.1" 200 3060
::1 - - [10/Dec/2025:12:31:52 +0100] "GET /mysql/js/whitelist.php?lang=fr&db=&token=e8fd808a48a1726922353172c55ae8d9&v=4.5.4.1 HTTP/1.1" 200 482
::1 - - [10/Dec/2025:12:31:52 +0100] "GET /mysql/js/messages.php?lang=fr&db=&token=e8fd808a48a1726922353172c55ae8d9&v=4.5.4.1 HTTP/1.1" 200 9507
::1 - - [10/Dec/2025:12:31:56 +0100] "POST /mysql/index.php HTTP/1.1" 302 25
::1 - - [10/Dec/2025:12:31:56 +0100] "GET /mysql/index.php?token=e8fd808a48a1726922353172c55ae8d9 HTTP/1.1" 200 13452
::1 - - [10/Dec/2025:12:31:56 +0100] "GET /mysql/phpmyadmin.css.php?nocache=7059686622ltr HTTP/1.1" 200 20076
::1 - - [10/Dec/2025:12:31:56 +0100] "POST /mysql/db_structure.php?ajax_request=1&favorite_table=1&sync_favorite_tables=1&token=e8fd808a48a1726922353172c55ae8d9 HTTP/1.1" 200 164
::1 - - [10/Dec/2025:12:31:56 +0100] "GET /mysql/version_check.php?server=1&_nocache=1765366316887265177 HTTP/1.1" 200 40
::1 - - [10/Dec/2025:12:32:30 +0100] "GET / HTTP/1.1" 200 1652
::1 - - [10/Dec/2025:12:32:30 +0100] "GET /?getimg=title HTTP/1.1" 200 6119
::1 - - [10/Dec/2025:12:32:30 +0100] "GET /?getimg=folder HTTP/1.1" 200 537
::1 - - [10/Dec/2025:12:32:30 +0100] "GET /?getimg=favicon HTTP/1.1" 200 5430
::1 - - [10/Dec/2025:12:32:36 +0100] "GET /mysite HTTP/1.1" 301 332
::1 - - [10/Dec/2025:12:32:36 +0100] "GET /mysite/ HTTP/1.1" 200 1624
::1 - - [10/Dec/2025:12:32:36 +0100] "GET /icons/blank.gif HTTP/1.1" 200 148
::1 - - [10/Dec/2025:12:32:36 +0100] "GET /icons/back.gif HTTP/1.1" 200 216
::1 - - [10/Dec/2025:12:32:36 +0100] "GET /icons/text.gif HTTP/1.1" 200 229
::1 - - [10/Dec/2025:12:32:36 +0100] "GET /icons/unknown.gif HTTP/1.1" 200 245
::1 - - [10/Dec/2025:12:32:36 +0100] "GET /favicon.ico HTTP/1.1" 404 309
::1 - - [10/Dec/2025:12:32:42 +0100] "GET /mysite/login.php HTTP/1.1" 200 -
::1 - - [10/Dec/2025:12:33:10 +0100] "GET /mysite/login.php HTTP/1.1" 200 1331
::1 - - [10/Dec/2025:12:33:10 +0100] "GET /mysite/style.css HTTP/1.1" 200 3698
::1 - - [10/Dec/2025:12:33:15 +0100] "GET /mysite/register.php HTTP/1.1" 404 317
::1 - - [10/Dec/2025:12:35:34 +0100] "GET /mysite/register.php HTTP/1.1" 200 1331
::1 - - [10/Dec/2025:12:35:34 +0100] "GET /mysite/style.css HTTP/1.1" 304 -
::1 - - [10/Dec/2025:12:35:36 +0100] "GET /mysite/register.php HTTP/1.1" 200 1331
::1 - - [10/Dec/2025:12:35:39 +0100] "GET /mysite/register.php HTTP/1.1" 200 1331
::1 - - [10/Dec/2025:12:35:40 +0100] "GET /mysite/register.php HTTP/1.1" 200 1331
::1 - - [10/Dec/2025:12:35:40 +0100] "GET /mysite/register.php HTTP/1.1" 200 1331
::1 - - [10/Dec/2025:12:35:40 +0100] "GET /mysite/register.php HTTP/1.1" 200 1331
::1 - - [10/Dec/2025:12:35:41 +0100] "GET /mysite/register.php HTTP/1.1" 200 1331
::1 - - [10/Dec/2025:12:35:41 +0100] "GET /mysite/register.php HTTP/1.1" 200 1331
::1 - - [10/Dec/2025:12:35:41 +0100] "GET /mysite/register.php HTTP/1.1" 200 1331
::1 - - [10/Dec/2025:12:35:41 +0100] "GET /mysite/register.php HTTP/1.1" 200 1331
::1 - - [10/Dec/2025:12:35:42 +0100] "GET /mysite/register.php HTTP/1.1" 200 1331
::1 - - [10/Dec/2025:12:35:53 +0100] "POST /mysite/register.php HTTP/1.1" 200 1414
::1 - - [10/Dec/2025:12:35:55 +0100] "GET /mysite/register.php HTTP/1.1" 200 1331
::1 - - [10/Dec/2025:12:36:34 +0100] "GET /mysite/register.php HTTP/1.1" 200 1754
::1 - - [10/Dec/2025:12:36:34 +0100] "GET /mysite/style.css HTTP/1.1" 304 -
::1 - - [10/Dec/2025:12:38:20 +0100] "GET /mysql/server_databases.php?server=1&token=e8fd808a48a1726922353172c55ae8d9&ajax_request=true&ajax_page_request=true&_nocache=1765366700473202179 HTTP/1.1" 200 5949
::1 - - [10/Dec/2025:12:38:20 +0100] "POST /mysql/navigation.php?ajax_request=1&token=e8fd808a48a1726922353172c55ae8d9 HTTP/1.1" 200 2177
::1 - - [10/Dec/2025:12:38:27 +0100] "POST /mysql/db_create.php HTTP/1.1" 200 2022
::1 - - [10/Dec/2025:12:38:27 +0100] "GET /mysql/db_structure.php?db=innovation241&token=e8fd808a48a1726922353172c55ae8d9&db=innovation241&ajax_request=true&ajax_page_request=true&_nocache=1765366707754182442 HTTP/1.1" 200 2842
::1 - - [10/Dec/2025:12:38:27 +0100] "POST /mysql/navigation.php?ajax_request=1&token=e8fd808a48a1726922353172c55ae8d9 HTTP/1.1" 200 2224
::1 - - [10/Dec/2025:12:38:28 +0100] "GET /mysql/navigation.php?ajax_request=1&token=e8fd808a48a1726922353172c55ae8d9&aPath=cm9vdA%3D%3D.aW5ub3ZhdGlvbjI0MQ%3D%3D&vPath=cm9vdA%3D%3D.aW5ub3ZhdGlvbjI0MQ%3D%3D&pos=0&pos2_name=&pos2_value=&searchClause=&searchClause2=&_nocache=1765366708149761956 HTTP/1.1" 200 1404
::1 - - [10/Dec/2025:12:38:29 +0100] "GET /mysql/db_sql.php?db=innovation241&token=e8fd808a48a1726922353172c55ae8d9&ajax_request=true&ajax_page_request=true&_nocache=176536670903868917 HTTP/1.1" 200 4678
::1 - - [10/Dec/2025:12:38:29 +0100] "POST /mysql/db_sql_autocomplete.php HTTP/1.1" 200 1551
::1 - - [10/Dec/2025:12:38:30 +0100] "POST /mysql/lint.php HTTP/1.1" 200 28
::1 - - [10/Dec/2025:12:38:38 +0100] "POST /mysql/import.php HTTP/1.1" 200 2543
::1 - - [10/Dec/2025:12:43:10 +0100] "GET /mysql/db_sql.php?db=innovation241&token=e8fd808a48a1726922353172c55ae8d9&ajax_request=true&ajax_page_request=true&_nocache=1765366990127275903 HTTP/1.1" 200 4678
::1 - - [10/Dec/2025:12:43:11 +0100] "POST /mysql/db_sql_autocomplete.php HTTP/1.1" 200 1979
::1 - - [10/Dec/2025:12:43:11 +0100] "POST /mysql/lint.php HTTP/1.1" 200 28
::1 - - [10/Dec/2025:12:43:12 +0100] "POST /mysql/import.php HTTP/1.1" 200 2402
::1 - - [10/Dec/2025:12:52:04 +0100] "GET / HTTP/1.1" 200 1652
::1 - - [10/Dec/2025:12:52:04 +0100] "GET /?getimg=title HTTP/1.1" 200 6119
::1 - - [10/Dec/2025:12:52:04 +0100] "GET /?getimg=folder HTTP/1.1" 200 537
::1 - - [10/Dec/2025:12:52:06 +0100] "GET /my-app HTTP/1.1" 301 332
::1 - - [10/Dec/2025:12:52:06 +0100] "GET /my-app/ HTTP/1.1" 200 2067
::1 - - [10/Dec/2025:12:52:07 +0100] "GET /my-app/style.css HTTP/1.1" 404 314
::1 - - [10/Dec/2025:12:52:07 +0100] "GET /my-app/script.js HTTP/1.1" 404 314
::1 - - [10/Dec/2025:12:52:07 +0100] "GET /my-app/script-fin.js HTTP/1.1" 404 318
::1 - - [10/Dec/2025:12:52:07 +0100] "GET /my-app/images/ETML-logo.jpg HTTP/1.1" 404 325
::1 - - [10/Dec/2025:12:52:54 +0100] "GET /my-app/ HTTP/1.1" 200 1192
::1 - - [10/Dec/2025:12:52:54 +0100] "GET /icons/folder.gif HTTP/1.1" 200 225
::1 - - [10/Dec/2025:12:52:55 +0100] "GET /my-app/ HTTP/1.1" 200 1192
::1 - - [10/Dec/2025:12:52:56 +0100] "GET /my-app/ HTTP/1.1" 200 1192
::1 - - [10/Dec/2025:12:52:56 +0100] "GET /my-app/ HTTP/1.1" 200 1192
::1 - - [10/Dec/2025:12:52:56 +0100] "GET /my-app/public/ HTTP/1.1" 200 2291
::1 - - [10/Dec/2025:12:54:23 +0100] "GET /my-app/public/ HTTP/1.1" 200 2291
::1 - - [10/Dec/2025:12:54:23 +0100] "GET /my-app/public/ HTTP/1.1" 200 2291
::1 - - [10/Dec/2025:12:54:23 +0100] "GET /my-app/public/ HTTP/1.1" 200 2291
::1 - - [10/Dec/2025:12:54:24 +0100] "GET /my-app/public/ HTTP/1.1" 200 2291
::1 - - [10/Dec/2025:12:54:24 +0100] "GET /my-app/public/ HTTP/1.1" 200 2291
::1 - - [10/Dec/2025:12:54:24 +0100] "GET /my-app/public/ HTTP/1.1" 200 2291
::1 - - [10/Dec/2025:12:54:24 +0100] "GET /my-app/public/ HTTP/1.1" 200 2291
::1 - - [10/Dec/2025:12:54:24 +0100] "GET /my-app/public/ HTTP/1.1" 200 2291
::1 - - [10/Dec/2025:12:54:24 +0100] "GET /my-app/public/ HTTP/1.1" 200 2291
::1 - - [10/Dec/2025:12:54:24 +0100] "GET /my-app/public/ HTTP/1.1" 200 2291
::1 - - [10/Dec/2025:12:54:25 +0100] "GET /my-app/public/ HTTP/1.1" 200 2291
::1 - - [10/Dec/2025:12:54:25 +0100] "GET /my-app/public/ HTTP/1.1" 200 2291
::1 - - [10/Dec/2025:12:54:25 +0100] "GET /my-app/public/ HTTP/1.1" 200 2291
::1 - - [10/Dec/2025:12:54:25 +0100] "GET /my-app/public/ HTTP/1.1" 200 2291
::1 - - [10/Dec/2025:12:55:02 +0100] "GET / HTTP/1.1" 200 1652
::1 - - [10/Dec/2025:12:55:02 +0100] "GET /?getimg=title HTTP/1.1" 200 6119
::1 - - [10/Dec/2025:12:55:02 +0100] "GET /?getimg=folder HTTP/1.1" 200 537
::1 - - [10/Dec/2025:12:55:04 +0100] "GET /my-app/ HTTP/1.1" 200 1192
::1 - - [10/Dec/2025:12:55:07 +0100] "GET /my-app/includes/ HTTP/1.1" 200 1217
::1 - - [10/Dec/2025:12:55:08 +0100] "GET /my-app/ HTTP/1.1" 200 1192
::1 - - [10/Dec/2025:12:55:09 +0100] "GET /my-app/public/ HTTP/1.1" 200 2291
::1 - - [10/Dec/2025:12:55:37 +0100] "GET /my-app/public/ HTTP/1.1" 200 2067
::1 - - [10/Dec/2025:12:55:37 +0100] "GET /my-app/public/style.css HTTP/1.1" 404 321
::1 - - [10/Dec/2025:12:55:37 +0100] "GET /my-app/public/script.js HTTP/1.1" 200 1690
::1 - - [10/Dec/2025:12:55:37 +0100] "GET /my-app/public/script-fin.js HTTP/1.1" 200 4036
::1 - - [10/Dec/2025:12:55:37 +0100] "GET /my-app/public/images/ETML-logo.jpg HTTP/1.1" 404 332
::1 - - [10/Dec/2025:12:55:58 +0100] "GET /my-app/public/ HTTP/1.1" 200 2067
::1 - - [10/Dec/2025:12:55:58 +0100] "GET /my-app/public/style.css HTTP/1.1" 200 14520
::1 - - [10/Dec/2025:12:55:58 +0100] "GET /my-app/public/fonts/e-UkraineHead-Bold.otf HTTP/1.1" 404 340
::1 - - [10/Dec/2025:12:55:58 +0100] "GET /my-app/public/fonts/e-UkraineHead-Regular.otf HTTP/1.1" 404 343
::1 - - [10/Dec/2025:12:55:58 +0100] "GET /my-app/public/fonts/e-UkraineHead-LOGO.otf HTTP/1.1" 404 340
::1 - - [10/Dec/2025:12:56:27 +0100] "GET /my-app/public/index.php HTTP/1.1" 200 2067
::1 - - [10/Dec/2025:12:56:27 +0100] "GET /my-app/public/fonts/e-UkraineHead-Bold.otf HTTP/1.1" 404 340
::1 - - [10/Dec/2025:12:56:27 +0100] "GET /my-app/public/fonts/e-UkraineHead-Regular.otf HTTP/1.1" 404 343
::1 - - [10/Dec/2025:12:56:27 +0100] "GET /my-app/public/fonts/e-UkraineHead-LOGO.otf HTTP/1.1" 404 340
::1 - - [10/Dec/2025:12:56:28 +0100] "GET /my-app/public/index.php HTTP/1.1" 200 2067
::1 - - [10/Dec/2025:12:56:28 +0100] "GET /my-app/public/fonts/e-UkraineHead-Bold.otf HTTP/1.1" 404 340
::1 - - [10/Dec/2025:12:56:28 +0100] "GET /my-app/public/fonts/e-UkraineHead-Regular.otf HTTP/1.1" 404 343
::1 - - [10/Dec/2025:12:56:28 +0100] "GET /my-app/public/fonts/e-UkraineHead-LOGO.otf HTTP/1.1" 404 340
::1 - - [10/Dec/2025:12:56:45 +0100] "GET /my-app/public/register.php HTTP/1.1" 200 2305
::1 - - [10/Dec/2025:12:59:17 +0100] "GET /my-app/public/register.php HTTP/1.1" 200 2309
::1 - - [10/Dec/2025:12:59:22 +0100] "GET /my-app/public/register.php HTTP/1.1" 200 2309
::1 - - [10/Dec/2025:12:59:23 +0100] "GET /my-app/public/register.php HTTP/1.1" 200 2309
::1 - - [10/Dec/2025:12:59:23 +0100] "GET /my-app/public/register.php HTTP/1.1" 200 2309
::1 - - [10/Dec/2025:12:59:23 +0100] "GET /my-app/public/register.php HTTP/1.1" 200 2309
::1 - - [10/Dec/2025:12:59:23 +0100] "GET /my-app/public/register.php HTTP/1.1" 200 2309
::1 - - [10/Dec/2025:12:59:23 +0100] "GET /my-app/public/register.php HTTP/1.1" 200 2309
::1 - - [10/Dec/2025:12:59:49 +0100] "GET /my-app/public/register.php HTTP/1.1" 200 2309
::1 - - [10/Dec/2025:12:59:49 +0100] "GET /my-app/public/register.php HTTP/1.1" 200 2309
::1 - - [10/Dec/2025:12:59:49 +0100] "GET /my-app/public/register.php HTTP/1.1" 200 2309
::1 - - [10/Dec/2025:12:59:50 +0100] "GET /my-app/public/register.php HTTP/1.1" 200 2309
::1 - - [10/Dec/2025:12:59:50 +0100] "GET /my-app/public/register.php HTTP/1.1" 200 2309
::1 - - [10/Dec/2025:12:59:50 +0100] "GET /my-app/public/register.php HTTP/1.1" 200 2309
::1 - - [10/Dec/2025:12:59:50 +0100] "GET /my-app/public/register.php HTTP/1.1" 200 2309
::1 - - [10/Dec/2025:12:59:50 +0100] "GET /my-app/public/register.php HTTP/1.1" 200 2309
::1 - - [10/Dec/2025:12:59:50 +0100] "GET /my-app/public/register.php HTTP/1.1" 200 2309
::1 - - [10/Dec/2025:12:59:51 +0100] "GET /my-app/public/register.php HTTP/1.1" 200 2309
::1 - - [10/Dec/2025:12:59:51 +0100] "GET /my-app/public/register.php HTTP/1.1" 200 2309
::1 - - [10/Dec/2025:12:59:51 +0100] "GET /my-app/public/register.php HTTP/1.1" 200 2309
::1 - - [10/Dec/2025:12:59:53 +0100] "GET /my-app/public HTTP/1.1" 301 339
::1 - - [10/Dec/2025:12:59:53 +0100] "GET /my-app/public/ HTTP/1.1" 200 2067
::1 - - [10/Dec/2025:12:59:53 +0100] "GET /my-app/public/fonts/e-UkraineHead-Bold.otf HTTP/1.1" 404 340
::1 - - [10/Dec/2025:12:59:53 +0100] "GET /my-app/public/fonts/e-UkraineHead-Regular.otf HTTP/1.1" 404 343
::1 - - [10/Dec/2025:12:59:53 +0100] "GET /my-app/public/fonts/e-UkraineHead-LOGO.otf HTTP/1.1" 404 340
::1 - - [10/Dec/2025:12:59:56 +0100] "GET /my-app/public/login.php HTTP/1.1" 200 2291
::1 - - [10/Dec/2025:13:01:07 +0100] "GET /my-app/public/login.php HTTP/1.1" 200 415
::1 - - [10/Dec/2025:13:01:08 +0100] "GET /my-app/public/login.php HTTP/1.1" 200 415
::1 - - [10/Dec/2025:13:01:08 +0100] "GET /my-app/public/login.php HTTP/1.1" 200 415
::1 - - [10/Dec/2025:13:01:40 +0100] "GET /my-app/public/login.php HTTP/1.1" 200 1771
::1 - - [10/Dec/2025:13:01:41 +0100] "GET /my-app/public/login.php HTTP/1.1" 200 1771
::1 - - [10/Dec/2025:13:01:41 +0100] "GET /my-app/public/login.php HTTP/1.1" 200 1771
::1 - - [10/Dec/2025:13:01:41 +0100] "GET /my-app/public/login.php HTTP/1.1" 200 1771
::1 - - [10/Dec/2025:13:01:49 +0100] "GET /my-app/public/login.php HTTP/1.1" 200 326
::1 - - [10/Dec/2025:13:03:58 +0100] "GET /my-app/public/login.php HTTP/1.1" 200 1187
::1 - - [10/Dec/2025:13:03:58 +0100] "GET /my-app/public/fonts/e-UkraineHead-Regular.otf HTTP/1.1" 404 343
::1 - - [10/Dec/2025:13:03:58 +0100] "GET /my-app/public/fonts/e-UkraineHead-Bold.otf HTTP/1.1" 404 340
::1 - - [10/Dec/2025:13:04:02 +0100] "GET /my-app/public/register.php HTTP/1.1" 200 1524
::1 - - [10/Dec/2025:13:04:02 +0100] "GET /my-app/public/fonts/e-UkraineHead-Regular.otf HTTP/1.1" 404 343
::1 - - [10/Dec/2025:13:04:02 +0100] "GET /my-app/public/fonts/e-UkraineHead-Bold.otf HTTP/1.1" 404 340
::1 - - [10/Dec/2025:13:04:15 +0100] "POST /my-app/public/register_process.php HTTP/1.1" 404 332
::1 - - [10/Dec/2025:13:10:42 +0100] "GET /mysql/ HTTP/1.1" 200 3061
::1 - - [10/Dec/2025:13:10:44 +0100] "GET /mysql/js/whitelist.php?lang=fr&db=&token=e4b98fe40fd3cf9d16a55af2c8e08b2b&v=4.5.4.1 HTTP/1.1" 200 482
::1 - - [10/Dec/2025:13:10:44 +0100] "GET /mysql/js/messages.php?lang=fr&db=&token=e4b98fe40fd3cf9d16a55af2c8e08b2b&v=4.5.4.1 HTTP/1.1" 200 9507
::1 - - [10/Dec/2025:13:10:47 +0100] "POST /mysql/index.php HTTP/1.1" 302 25
::1 - - [10/Dec/2025:13:10:47 +0100] "GET /mysql/index.php?token=e4b98fe40fd3cf9d16a55af2c8e08b2b HTTP/1.1" 200 13547
::1 - - [10/Dec/2025:13:10:49 +0100] "GET /mysql/phpmyadmin.css.php?nocache=7059688954ltr HTTP/1.1" 200 20076
::1 - - [10/Dec/2025:13:10:49 +0100] "POST /mysql/db_structure.php?ajax_request=1&favorite_table=1&sync_favorite_tables=1&token=e4b98fe40fd3cf9d16a55af2c8e08b2b HTTP/1.1" 200 164
::1 - - [10/Dec/2025:13:10:49 +0100] "GET /mysql/version_check.php?server=1&_nocache=1765368649839388173 HTTP/1.1" 200 40
::1 - - [10/Dec/2025:13:11:07 +0100] "GET / HTTP/1.1" 200 1652
::1 - - [10/Dec/2025:13:11:07 +0100] "GET /?getimg=title HTTP/1.1" 200 6119
::1 - - [10/Dec/2025:13:11:07 +0100] "GET /?getimg=folder HTTP/1.1" 200 537
::1 - - [10/Dec/2025:13:11:10 +0100] "GET /my-app/ HTTP/1.1" 200 1192
::1 - - [10/Dec/2025:13:11:10 +0100] "GET /favicon.ico HTTP/1.1" 404 309
::1 - - [10/Dec/2025:13:11:11 +0100] "GET /my-app/public/ HTTP/1.1" 200 2067
::1 - - [10/Dec/2025:13:11:11 +0100] "GET /my-app/public/fonts/e-UkraineHead-Bold.otf HTTP/1.1" 404 340
::1 - - [10/Dec/2025:13:11:11 +0100] "GET /my-app/public/fonts/e-UkraineHead-Regular.otf HTTP/1.1" 404 343
::1 - - [10/Dec/2025:13:11:11 +0100] "GET /my-app/public/fonts/e-UkraineHead-LOGO.otf HTTP/1.1" 404 340
::1 - - [10/Dec/2025:13:11:11 +0100] "GET /my-app/public/images/ETML-logo.jpg HTTP/1.1" 404 332
