[Wed Dec 03 15:48:48.403712 2025] [ssl:warn] [pid 19996:tid 756] AH01906: main-serveur:443:0 server certificate is a CA certificate (BasicConstraints: CA == TRUE !?)
[Wed Dec 03 15:48:48.405748 2025] [ssl:warn] [pid 19996:tid 756] AH01909: main-serveur:443:0 server certificate does NOT include an ID which matches the server name
[Wed Dec 03 15:48:48.506757 2025] [ssl:warn] [pid 19996:tid 756] AH01873: Init: Session Cache is not configured [hint: SSLSessionCache]
[Wed Dec 03 15:48:48.506757 2025] [ssl:warn] [pid 19996:tid 756] AH01906: main-serveur:443:0 server certificate is a CA certificate (BasicConstraints: CA == TRUE !?)
[Wed Dec 03 15:48:48.506757 2025] [ssl:warn] [pid 19996:tid 756] AH01909: main-serveur:443:0 server certificate does NOT include an ID which matches the server name
[Wed Dec 03 15:48:48.545037 2025] [mpm_winnt:notice] [pid 19996:tid 756] AH00455: Apache/2.4.18 (Win32) OpenSSL/1.0.2f PHP/5.6.18 configured -- resuming normal operations
[Wed Dec 03 15:48:48.545037 2025] [mpm_winnt:notice] [pid 19996:tid 756] AH00456: Server built: Jan 28 2016 09:58:25
[Wed Dec 03 15:48:48.545037 2025] [core:notice] [pid 19996:tid 756] AH00094: Command line: 'C:\\Users\\pi41dcg\\Downloads\\UwAmp\\UwAmp\\bin\\apache\\bin\\httpd.exe -d C:/Users/pi41dcg/Downloads/UwAmp/UwAmp/bin/apache -f C:\\Users\\pi41dcg\\Downloads\\UwAmp\\UwAmp\\bin\\apache\\conf\\httpd.conf'
[Wed Dec 03 15:48:48.547086 2025] [mpm_winnt:notice] [pid 19996:tid 756] AH00418: Parent: Created child process 4100
[Wed Dec 03 15:48:49.143568 2025] [ssl:warn] [pid 4100:tid 764] AH01906: main-serveur:443:0 server certificate is a CA certificate (BasicConstraints: CA == TRUE !?)
[Wed Dec 03 15:48:49.143568 2025] [ssl:warn] [pid 4100:tid 764] AH01909: main-serveur:443:0 server certificate does NOT include an ID which matches the server name
[Wed Dec 03 15:48:49.232514 2025] [ssl:warn] [pid 4100:tid 764] AH01873: Init: Session Cache is not configured [hint: SSLSessionCache]
[Wed Dec 03 15:48:49.234533 2025] [ssl:warn] [pid 4100:tid 764] AH01906: main-serveur:443:0 server certificate is a CA certificate (BasicConstraints: CA == TRUE !?)
[Wed Dec 03 15:48:49.234533 2025] [ssl:warn] [pid 4100:tid 764] AH01909: main-serveur:443:0 server certificate does NOT include an ID which matches the server name
[Wed Dec 03 15:48:49.254721 2025] [mpm_winnt:notice] [pid 4100:tid 764] AH00354: Child: Starting 64 worker threads.
[Wed Dec 10 12:19:36.554844 2025] [ssl:warn] [pid 1732:tid 676] AH01906: main-serveur:443:0 server certificate is a CA certificate (BasicConstraints: CA == TRUE !?)
[Wed Dec 10 12:19:36.557847 2025] [ssl:warn] [pid 1732:tid 676] AH01909: main-serveur:443:0 server certificate does NOT include an ID which matches the server name
[Wed Dec 10 12:19:36.593032 2025] [core:warn] [pid 1732:tid 676] AH00098: pid file C:/Users/pi41dcg/Downloads/UwAmp/UwAmp/bin/apache/logs/httpd.pid overwritten -- Unclean shutdown of previous Apache run?
[Wed Dec 10 12:19:36.686274 2025] [ssl:warn] [pid 1732:tid 676] AH01873: Init: Session Cache is not configured [hint: SSLSessionCache]
[Wed Dec 10 12:19:36.686274 2025] [ssl:warn] [pid 1732:tid 676] AH01906: main-serveur:443:0 server certificate is a CA certificate (BasicConstraints: CA == TRUE !?)
[Wed Dec 10 12:19:36.686274 2025] [ssl:warn] [pid 1732:tid 676] AH01909: main-serveur:443:0 server certificate does NOT include an ID which matches the server name
[Wed Dec 10 12:19:37.508540 2025] [mpm_winnt:notice] [pid 1732:tid 676] AH00455: Apache/2.4.18 (Win32) OpenSSL/1.0.2f PHP/5.6.18 configured -- resuming normal operations
[Wed Dec 10 12:19:37.508540 2025] [mpm_winnt:notice] [pid 1732:tid 676] AH00456: Server built: Jan 28 2016 09:58:25
[Wed Dec 10 12:19:37.508540 2025] [core:notice] [pid 1732:tid 676] AH00094: Command line: 'C:\\Users\\pi41dcg\\Downloads\\UwAmp\\UwAmp\\bin\\apache\\bin\\httpd.exe -d C:/Users/pi41dcg/Downloads/UwAmp/UwAmp/bin/apache -f C:\\Users\\pi41dcg\\Downloads\\UwAmp\\UwAmp\\bin\\apache\\conf\\httpd.conf'
[Wed Dec 10 12:19:37.508540 2025] [mpm_winnt:notice] [pid 1732:tid 676] AH00418: Parent: Created child process 25760
[Wed Dec 10 12:19:38.304146 2025] [ssl:warn] [pid 25760:tid 692] AH01906: main-serveur:443:0 server certificate is a CA certificate (BasicConstraints: CA == TRUE !?)
[Wed Dec 10 12:19:38.304146 2025] [ssl:warn] [pid 25760:tid 692] AH01909: main-serveur:443:0 server certificate does NOT include an ID which matches the server name
[Wed Dec 10 12:19:38.420150 2025] [ssl:warn] [pid 25760:tid 692] AH01873: Init: Session Cache is not configured [hint: SSLSessionCache]
[Wed Dec 10 12:19:38.422192 2025] [ssl:warn] [pid 25760:tid 692] AH01906: main-serveur:443:0 server certificate is a CA certificate (BasicConstraints: CA == TRUE !?)
[Wed Dec 10 12:19:38.422192 2025] [ssl:warn] [pid 25760:tid 692] AH01909: main-serveur:443:0 server certificate does NOT include an ID which matches the server name
[Wed Dec 10 12:19:38.442424 2025] [mpm_winnt:notice] [pid 25760:tid 692] AH00354: Child: Starting 64 worker threads.
[Wed Dec 10 12:31:45.630465 2025] [ssl:warn] [pid 4532:tid 668] AH01906: main-serveur:443:0 server certificate is a CA certificate (BasicConstraints: CA == TRUE !?)
[Wed Dec 10 12:31:45.630465 2025] [ssl:warn] [pid 4532:tid 668] AH01909: main-serveur:443:0 server certificate does NOT include an ID which matches the server name
[Wed Dec 10 12:31:45.660545 2025] [core:warn] [pid 4532:tid 668] AH00098: pid file C:/Users/pi41dcg/Downloads/UwAmp/UwAmp/bin/apache/logs/httpd.pid overwritten -- Unclean shutdown of previous Apache run?
[Wed Dec 10 12:31:45.706118 2025] [ssl:warn] [pid 4532:tid 668] AH01873: Init: Session Cache is not configured [hint: SSLSessionCache]
[Wed Dec 10 12:31:45.706118 2025] [ssl:warn] [pid 4532:tid 668] AH01906: main-serveur:443:0 server certificate is a CA certificate (BasicConstraints: CA == TRUE !?)
[Wed Dec 10 12:31:45.706118 2025] [ssl:warn] [pid 4532:tid 668] AH01909: main-serveur:443:0 server certificate does NOT include an ID which matches the server name
[Wed Dec 10 12:31:45.853355 2025] [mpm_winnt:notice] [pid 4532:tid 668] AH00455: Apache/2.4.18 (Win32) OpenSSL/1.0.2f PHP/5.6.18 configured -- resuming normal operations
[Wed Dec 10 12:31:45.853355 2025] [mpm_winnt:notice] [pid 4532:tid 668] AH00456: Server built: Jan 28 2016 09:58:25
[Wed Dec 10 12:31:45.853355 2025] [core:notice] [pid 4532:tid 668] AH00094: Command line: 'C:\\Users\\pi41dcg\\Downloads\\UwAmp\\UwAmp\\bin\\apache\\bin\\httpd.exe -d C:/Users/pi41dcg/Downloads/UwAmp/UwAmp/bin/apache -f C:\\Users\\pi41dcg\\Downloads\\UwAmp\\UwAmp\\bin\\apache\\conf\\httpd.conf'
[Wed Dec 10 12:31:45.853355 2025] [mpm_winnt:notice] [pid 4532:tid 668] AH00418: Parent: Created child process 10700
[Wed Dec 10 12:31:46.454814 2025] [ssl:warn] [pid 10700:tid 684] AH01906: main-serveur:443:0 server certificate is a CA certificate (BasicConstraints: CA == TRUE !?)
[Wed Dec 10 12:31:46.454814 2025] [ssl:warn] [pid 10700:tid 684] AH01909: main-serveur:443:0 server certificate does NOT include an ID which matches the server name
[Wed Dec 10 12:31:46.539461 2025] [ssl:warn] [pid 10700:tid 684] AH01873: Init: Session Cache is not configured [hint: SSLSessionCache]
[Wed Dec 10 12:31:46.539461 2025] [ssl:warn] [pid 10700:tid 684] AH01906: main-serveur:443:0 server certificate is a CA certificate (BasicConstraints: CA == TRUE !?)
[Wed Dec 10 12:31:46.539461 2025] [ssl:warn] [pid 10700:tid 684] AH01909: main-serveur:443:0 server certificate does NOT include an ID which matches the server name
[Wed Dec 10 12:31:46.555085 2025] [mpm_winnt:notice] [pid 10700:tid 684] AH00354: Child: Starting 64 worker threads.
[Wed Dec 10 12:33:15.583761 2025] [:error] [pid 10700:tid 1428] [client ::1:58918] script 'C:/Users/pi41dcg/Downloads/UwAmp/UwAmp/www/mysite/register.php' not found or unable to stat, referer: http://localhost/mysite/login.php
[Wed Dec 10 12:52:56.696025 2025] [:error] [pid 10700:tid 1472] [client ::1:51168] PHP Warning:  require_once(C:\\Users\\pi41dcg\\Downloads\\UwAmp\\UwAmp\\www\\my-app\\public/includes/auth.php): failed to open stream: No such file or directory in C:\\Users\\pi41dcg\\Downloads\\UwAmp\\UwAmp\\www\\my-app\\public\\index.php on line 2, referer: http://localhost/my-app/
[Wed Dec 10 12:52:56.696025 2025] [:error] [pid 10700:tid 1472] [client ::1:51168] PHP Stack trace:, referer: http://localhost/my-app/
[Wed Dec 10 12:52:56.696025 2025] [:error] [pid 10700:tid 1472] [client ::1:51168] PHP   1. {main}() C:\\Users\\pi41dcg\\Downloads\\UwAmp\\UwAmp\\www\\my-app\\public\\index.php:0, referer: http://localhost/my-app/
[Wed Dec 10 12:52:56.696025 2025] [:error] [pid 10700:tid 1472] [client ::1:51168] PHP Fatal error:  require_once(): Failed opening required 'C:\\Users\\pi41dcg\\Downloads\\UwAmp\\UwAmp\\www\\my-app\\public/includes/auth.php' (include_path='.;C:\\php\\pear') in C:\\Users\\pi41dcg\\Downloads\\UwAmp\\UwAmp\\www\\my-app\\public\\index.php on line 2, referer: http://localhost/my-app/
[Wed Dec 10 12:52:56.696025 2025] [:error] [pid 10700:tid 1472] [client ::1:51168] PHP Stack trace:, referer: http://localhost/my-app/
[Wed Dec 10 12:52:56.696025 2025] [:error] [pid 10700:tid 1472] [client ::1:51168] PHP   1. {main}() C:\\Users\\pi41dcg\\Downloads\\UwAmp\\UwAmp\\www\\my-app\\public\\index.php:0, referer: http://localhost/my-app/
[Wed Dec 10 12:54:23.076963 2025] [:error] [pid 10700:tid 1472] [client ::1:51210] PHP Warning:  require_once(C:\\Users\\pi41dcg\\Downloads\\UwAmp\\UwAmp\\www\\my-app\\public/includes/auth.php): failed to open stream: No such file or directory in C:\\Users\\pi41dcg\\Downloads\\UwAmp\\UwAmp\\www\\my-app\\public\\index.php on line 2, referer: http://localhost/my-app/
[Wed Dec 10 12:54:23.076963 2025] [:error] [pid 10700:tid 1472] [client ::1:51210] PHP Stack trace:, referer: http://localhost/my-app/
[Wed Dec 10 12:54:23.076963 2025] [:error] [pid 10700:tid 1472] [client ::1:51210] PHP   1. {main}() C:\\Users\\pi41dcg\\Downloads\\UwAmp\\UwAmp\\www\\my-app\\public\\index.php:0, referer: http://localhost/my-app/
[Wed Dec 10 12:54:23.076963 2025] [:error] [pid 10700:tid 1472] [client ::1:51210] PHP Fatal error:  require_once(): Failed opening required 'C:\\Users\\pi41dcg\\Downloads\\UwAmp\\UwAmp\\www\\my-app\\public/includes/auth.php' (include_path='.;C:\\php\\pear') in C:\\Users\\pi41dcg\\Downloads\\UwAmp\\UwAmp\\www\\my-app\\public\\index.php on line 2, referer: http://localhost/my-app/
[Wed Dec 10 12:54:23.076963 2025] [:error] [pid 10700:tid 1472] [client ::1:51210] PHP Stack trace:, referer: http://localhost/my-app/
[Wed Dec 10 12:54:23.076963 2025] [:error] [pid 10700:tid 1472] [client ::1:51210] PHP   1. {main}() C:\\Users\\pi41dcg\\Downloads\\UwAmp\\UwAmp\\www\\my-app\\public\\index.php:0, referer: http://localhost/my-app/
[Wed Dec 10 12:54:23.653524 2025] [:error] [pid 10700:tid 1472] [client ::1:51210] PHP Warning:  require_once(C:\\Users\\pi41dcg\\Downloads\\UwAmp\\UwAmp\\www\\my-app\\public/includes/auth.php): failed to open stream: No such file or directory in C:\\Users\\pi41dcg\\Downloads\\UwAmp\\UwAmp\\www\\my-app\\public\\index.php on line 2, referer: http://localhost/my-app/
[Wed Dec 10 12:54:23.653524 2025] [:error] [pid 10700:tid 1472] [client ::1:51210] PHP Stack trace:, referer: http://localhost/my-app/
[Wed Dec 10 12:54:23.653524 2025] [:error] [pid 10700:tid 1472] [client ::1:51210] PHP   1. {main}() C:\\Users\\pi41dcg\\Downloads\\UwAmp\\UwAmp\\www\\my-app\\public\\index.php:0, referer: http://localhost/my-app/
[Wed Dec 10 12:54:23.653524 2025] [:error] [pid 10700:tid 1472] [client ::1:51210] PHP Fatal error:  require_once(): Failed opening required 'C:\\Users\\pi41dcg\\Downloads\\UwAmp\\UwAmp\\www\\my-app\\public/includes/auth.php' (include_path='.;C:\\php\\pear') in C:\\Users\\pi41dcg\\Downloads\\UwAmp\\UwAmp\\www\\my-app\\public\\index.php on line 2, referer: http://localhost/my-app/
[Wed Dec 10 12:54:23.653524 2025] [:error] [pid 10700:tid 1472] [client ::1:51210] PHP Stack trace:, referer: http://localhost/my-app/
[Wed Dec 10 12:54:23.653524 2025] [:error] [pid 10700:tid 1472] [client ::1:51210] PHP   1. {main}() C:\\Users\\pi41dcg\\Downloads\\UwAmp\\UwAmp\\www\\my-app\\public\\index.php:0, referer: http://localhost/my-app/
[Wed Dec 10 12:54:23.836045 2025] [:error] [pid 10700:tid 1472] [client ::1:51210] PHP Warning:  require_once(C:\\Users\\pi41dcg\\Downloads\\UwAmp\\UwAmp\\www\\my-app\\public/includes/auth.php): failed to open stream: No such file or directory in C:\\Users\\pi41dcg\\Downloads\\UwAmp\\UwAmp\\www\\my-app\\public\\index.php on line 2, referer: http://localhost/my-app/
[Wed Dec 10 12:54:23.836045 2025] [:error] [pid 10700:tid 1472] [client ::1:51210] PHP Stack trace:, referer: http://localhost/my-app/
[Wed Dec 10 12:54:23.836045 2025] [:error] [pid 10700:tid 1472] [client ::1:51210] PHP   1. {main}() C:\\Users\\pi41dcg\\Downloads\\UwAmp\\UwAmp\\www\\my-app\\public\\index.php:0, referer: http://localhost/my-app/
[Wed Dec 10 12:54:23.836045 2025] [:error] [pid 10700:tid 1472] [client ::1:51210] PHP Fatal error:  require_once(): Failed opening required 'C:\\Users\\pi41dcg\\Downloads\\UwAmp\\UwAmp\\www\\my-app\\public/includes/auth.php' (include_path='.;C:\\php\\pear') in C:\\Users\\pi41dcg\\Downloads\\UwAmp\\UwAmp\\www\\my-app\\public\\index.php on line 2, referer: http://localhost/my-app/
[Wed Dec 10 12:54:23.836045 2025] [:error] [pid 10700:tid 1472] [client ::1:51210] PHP Stack trace:, referer: http://localhost/my-app/
[Wed Dec 10 12:54:23.836045 2025] [:error] [pid 10700:tid 1472] [client ::1:51210] PHP   1. {main}() C:\\Users\\pi41dcg\\Downloads\\UwAmp\\UwAmp\\www\\my-app\\public\\index.php:0, referer: http://localhost/my-app/
[Wed Dec 10 12:54:24.003954 2025] [:error] [pid 10700:tid 1472] [client ::1:51210] PHP Warning:  require_once(C:\\Users\\pi41dcg\\Downloads\\UwAmp\\UwAmp\\www\\my-app\\public/includes/auth.php): failed to open stream: No such file or directory in C:\\Users\\pi41dcg\\Downloads\\UwAmp\\UwAmp\\www\\my-app\\public\\index.php on line 2, referer: http://localhost/my-app/
[Wed Dec 10 12:54:24.003954 2025] [:error] [pid 10700:tid 1472] [client ::1:51210] PHP Stack trace:, referer: http://localhost/my-app/
[Wed Dec 10 12:54:24.003954 2025] [:error] [pid 10700:tid 1472] [client ::1:51210] PHP   1. {main}() C:\\Users\\pi41dcg\\Downloads\\UwAmp\\UwAmp\\www\\my-app\\public\\index.php:0, referer: http://localhost/my-app/
[Wed Dec 10 12:54:24.003954 2025] [:error] [pid 10700:tid 1472] [client ::1:51210] PHP Fatal error:  require_once(): Failed opening required 'C:\\Users\\pi41dcg\\Downloads\\UwAmp\\UwAmp\\www\\my-app\\public/includes/auth.php' (include_path='.;C:\\php\\pear') in C:\\Users\\pi41dcg\\Downloads\\UwAmp\\UwAmp\\www\\my-app\\public\\index.php on line 2, referer: http://localhost/my-app/
[Wed Dec 10 12:54:24.003954 2025] [:error] [pid 10700:tid 1472] [client ::1:51210] PHP Stack trace:, referer: http://localhost/my-app/
[Wed Dec 10 12:54:24.003954 2025] [:error] [pid 10700:tid 1472] [client ::1:51210] PHP   1. {main}() C:\\Users\\pi41dcg\\Downloads\\UwAmp\\UwAmp\\www\\my-app\\public\\index.php:0, referer: http://localhost/my-app/
[Wed Dec 10 12:54:24.176143 2025] [:error] [pid 10700:tid 1472] [client ::1:51210] PHP Warning:  require_once(C:\\Users\\pi41dcg\\Downloads\\UwAmp\\UwAmp\\www\\my-app\\public/includes/auth.php): failed to open stream: No such file or directory in C:\\Users\\pi41dcg\\Downloads\\UwAmp\\UwAmp\\www\\my-app\\public\\index.php on line 2, referer: http://localhost/my-app/
[Wed Dec 10 12:54:24.176143 2025] [:error] [pid 10700:tid 1472] [client ::1:51210] PHP Stack trace:, referer: http://localhost/my-app/
[Wed Dec 10 12:54:24.176143 2025] [:error] [pid 10700:tid 1472] [client ::1:51210] PHP   1. {main}() C:\\Users\\pi41dcg\\Downloads\\UwAmp\\UwAmp\\www\\my-app\\public\\index.php:0, referer: http://localhost/my-app/
[Wed Dec 10 12:54:24.176143 2025] [:error] [pid 10700:tid 1472] [client ::1:51210] PHP Fatal error:  require_once(): Failed opening required 'C:\\Users\\pi41dcg\\Downloads\\UwAmp\\UwAmp\\www\\my-app\\public/includes/auth.php' (include_path='.;C:\\php\\pear') in C:\\Users\\pi41dcg\\Downloads\\UwAmp\\UwAmp\\www\\my-app\\public\\index.php on line 2, referer: http://localhost/my-app/
[Wed Dec 10 12:54:24.176143 2025] [:error] [pid 10700:tid 1472] [client ::1:51210] PHP Stack trace:, referer: http://localhost/my-app/
[Wed Dec 10 12:54:24.176143 2025] [:error] [pid 10700:tid 1472] [client ::1:51210] PHP   1. {main}() C:\\Users\\pi41dcg\\Downloads\\UwAmp\\UwAmp\\www\\my-app\\public\\index.php:0, referer: http://localhost/my-app/
[Wed Dec 10 12:54:24.313586 2025] [:error] [pid 10700:tid 1472] [client ::1:51210] PHP Warning:  require_once(C:\\Users\\pi41dcg\\Downloads\\UwAmp\\UwAmp\\www\\my-app\\public/includes/auth.php): failed to open stream: No such file or directory in C:\\Users\\pi41dcg\\Downloads\\UwAmp\\UwAmp\\www\\my-app\\public\\index.php on line 2, referer: http://localhost/my-app/
[Wed Dec 10 12:54:24.313586 2025] [:error] [pid 10700:tid 1472] [client ::1:51210] PHP Stack trace:, referer: http://localhost/my-app/
[Wed Dec 10 12:54:24.313586 2025] [:error] [pid 10700:tid 1472] [client ::1:51210] PHP   1. {main}() C:\\Users\\pi41dcg\\Downloads\\UwAmp\\UwAmp\\www\\my-app\\public\\index.php:0, referer: http://localhost/my-app/
[Wed Dec 10 12:54:24.313586 2025] [:error] [pid 10700:tid 1472] [client ::1:51210] PHP Fatal error:  require_once(): Failed opening required 'C:\\Users\\pi41dcg\\Downloads\\UwAmp\\UwAmp\\www\\my-app\\public/includes/auth.php' (include_path='.;C:\\php\\pear') in C:\\Users\\pi41dcg\\Downloads\\UwAmp\\UwAmp\\www\\my-app\\public\\index.php on line 2, referer: http://localhost/my-app/
[Wed Dec 10 12:54:24.313586 2025] [:error] [pid 10700:tid 1472] [client ::1:51210] PHP Stack trace:, referer: http://localhost/my-app/
[Wed Dec 10 12:54:24.313586 2025] [:error] [pid 10700:tid 1472] [client ::1:51210] PHP   1. {main}() C:\\Users\\pi41dcg\\Downloads\\UwAmp\\UwAmp\\www\\my-app\\public\\index.php:0, referer: http://localhost/my-app/
[Wed Dec 10 12:54:24.479466 2025] [:error] [pid 10700:tid 1472] [client ::1:51210] PHP Warning:  require_once(C:\\Users\\pi41dcg\\Downloads\\UwAmp\\UwAmp\\www\\my-app\\public/includes/auth.php): failed to open stream: No such file or directory in C:\\Users\\pi41dcg\\Downloads\\UwAmp\\UwAmp\\www\\my-app\\public\\index.php on line 2, referer: http://localhost/my-app/
[Wed Dec 10 12:54:24.479466 2025] [:error] [pid 10700:tid 1472] [client ::1:51210] PHP Stack trace:, referer: http://localhost/my-app/
[Wed Dec 10 12:54:24.479466 2025] [:error] [pid 10700:tid 1472] [client ::1:51210] PHP   1. {main}() C:\\Users\\pi41dcg\\Downloads\\UwAmp\\UwAmp\\www\\my-app\\public\\index.php:0, referer: http://localhost/my-app/
[Wed Dec 10 12:54:24.479466 2025] [:error] [pid 10700:tid 1472] [client ::1:51210] PHP Fatal error:  require_once(): Failed opening required 'C:\\Users\\pi41dcg\\Downloads\\UwAmp\\UwAmp\\www\\my-app\\public/includes/auth.php' (include_path='.;C:\\php\\pear') in C:\\Users\\pi41dcg\\Downloads\\UwAmp\\UwAmp\\www\\my-app\\public\\index.php on line 2, referer: http://localhost/my-app/
[Wed Dec 10 12:54:24.479466 2025] [:error] [pid 10700:tid 1472] [client ::1:51210] PHP Stack trace:, referer: http://localhost/my-app/
[Wed Dec 10 12:54:24.479466 2025] [:error] [pid 10700:tid 1472] [client ::1:51210] PHP   1. {main}() C:\\Users\\pi41dcg\\Downloads\\UwAmp\\UwAmp\\www\\my-app\\public\\index.php:0, referer: http://localhost/my-app/
[Wed Dec 10 12:54:24.647096 2025] [:error] [pid 10700:tid 1472] [client ::1:51210] PHP Warning:  require_once(C:\\Users\\pi41dcg\\Downloads\\UwAmp\\UwAmp\\www\\my-app\\public/includes/auth.php): failed to open stream: No such file or directory in C:\\Users\\pi41dcg\\Downloads\\UwAmp\\UwAmp\\www\\my-app\\public\\index.php on line 2, referer: http://localhost/my-app/
[Wed Dec 10 12:54:24.647096 2025] [:error] [pid 10700:tid 1472] [client ::1:51210] PHP Stack trace:, referer: http://localhost/my-app/
[Wed Dec 10 12:54:24.647096 2025] [:error] [pid 10700:tid 1472] [client ::1:51210] PHP   1. {main}() C:\\Users\\pi41dcg\\Downloads\\UwAmp\\UwAmp\\www\\my-app\\public\\index.php:0, referer: http://localhost/my-app/
[Wed Dec 10 12:54:24.647096 2025] [:error] [pid 10700:tid 1472] [client ::1:51210] PHP Fatal error:  require_once(): Failed opening required 'C:\\Users\\pi41dcg\\Downloads\\UwAmp\\UwAmp\\www\\my-app\\public/includes/auth.php' (include_path='.;C:\\php\\pear') in C:\\Users\\pi41dcg\\Downloads\\UwAmp\\UwAmp\\www\\my-app\\public\\index.php on line 2, referer: http://localhost/my-app/
[Wed Dec 10 12:54:24.647096 2025] [:error] [pid 10700:tid 1472] [client ::1:51210] PHP Stack trace:, referer: http://localhost/my-app/
[Wed Dec 10 12:54:24.647096 2025] [:error] [pid 10700:tid 1472] [client ::1:51210] PHP   1. {main}() C:\\Users\\pi41dcg\\Downloads\\UwAmp\\UwAmp\\www\\my-app\\public\\index.php:0, referer: http://localhost/my-app/
[Wed Dec 10 12:54:24.809222 2025] [:error] [pid 10700:tid 1472] [client ::1:51210] PHP Warning:  require_once(C:\\Users\\pi41dcg\\Downloads\\UwAmp\\UwAmp\\www\\my-app\\public/includes/auth.php): failed to open stream: No such file or directory in C:\\Users\\pi41dcg\\Downloads\\UwAmp\\UwAmp\\www\\my-app\\public\\index.php on line 2, referer: http://localhost/my-app/
[Wed Dec 10 12:54:24.809222 2025] [:error] [pid 10700:tid 1472] [client ::1:51210] PHP Stack trace:, referer: http://localhost/my-app/
[Wed Dec 10 12:54:24.809222 2025] [:error] [pid 10700:tid 1472] [client ::1:51210] PHP   1. {main}() C:\\Users\\pi41dcg\\Downloads\\UwAmp\\UwAmp\\www\\my-app\\public\\index.php:0, referer: http://localhost/my-app/
[Wed Dec 10 12:54:24.809222 2025] [:error] [pid 10700:tid 1472] [client ::1:51210] PHP Fatal error:  require_once(): Failed opening required 'C:\\Users\\pi41dcg\\Downloads\\UwAmp\\UwAmp\\www\\my-app\\public/includes/auth.php' (include_path='.;C:\\php\\pear') in C:\\Users\\pi41dcg\\Downloads\\UwAmp\\UwAmp\\www\\my-app\\public\\index.php on line 2, referer: http://localhost/my-app/
[Wed Dec 10 12:54:24.809222 2025] [:error] [pid 10700:tid 1472] [client ::1:51210] PHP Stack trace:, referer: http://localhost/my-app/
[Wed Dec 10 12:54:24.809222 2025] [:error] [pid 10700:tid 1472] [client ::1:51210] PHP   1. {main}() C:\\Users\\pi41dcg\\Downloads\\UwAmp\\UwAmp\\www\\my-app\\public\\index.php:0, referer: http://localhost/my-app/
[Wed Dec 10 12:54:24.994260 2025] [:error] [pid 10700:tid 1472] [client ::1:51210] PHP Warning:  require_once(C:\\Users\\pi41dcg\\Downloads\\UwAmp\\UwAmp\\www\\my-app\\public/includes/auth.php): failed to open stream: No such file or directory in C:\\Users\\pi41dcg\\Downloads\\UwAmp\\UwAmp\\www\\my-app\\public\\index.php on line 2, referer: http://localhost/my-app/
[Wed Dec 10 12:54:24.994260 2025] [:error] [pid 10700:tid 1472] [client ::1:51210] PHP Stack trace:, referer: http://localhost/my-app/
[Wed Dec 10 12:54:24.994260 2025] [:error] [pid 10700:tid 1472] [client ::1:51210] PHP   1. {main}() C:\\Users\\pi41dcg\\Downloads\\UwAmp\\UwAmp\\www\\my-app\\public\\index.php:0, referer: http://localhost/my-app/
[Wed Dec 10 12:54:24.994260 2025] [:error] [pid 10700:tid 1472] [client ::1:51210] PHP Fatal error:  require_once(): Failed opening required 'C:\\Users\\pi41dcg\\Downloads\\UwAmp\\UwAmp\\www\\my-app\\public/includes/auth.php' (include_path='.;C:\\php\\pear') in C:\\Users\\pi41dcg\\Downloads\\UwAmp\\UwAmp\\www\\my-app\\public\\index.php on line 2, referer: http://localhost/my-app/
[Wed Dec 10 12:54:24.994260 2025] [:error] [pid 10700:tid 1472] [client ::1:51210] PHP Stack trace:, referer: http://localhost/my-app/
[Wed Dec 10 12:54:24.994260 2025] [:error] [pid 10700:tid 1472] [client ::1:51210] PHP   1. {main}() C:\\Users\\pi41dcg\\Downloads\\UwAmp\\UwAmp\\www\\my-app\\public\\index.php:0, referer: http://localhost/my-app/
[Wed Dec 10 12:54:25.177445 2025] [:error] [pid 10700:tid 1472] [client ::1:51210] PHP Warning:  require_once(C:\\Users\\pi41dcg\\Downloads\\UwAmp\\UwAmp\\www\\my-app\\public/includes/auth.php): failed to open stream: No such file or directory in C:\\Users\\pi41dcg\\Downloads\\UwAmp\\UwAmp\\www\\my-app\\public\\index.php on line 2, referer: http://localhost/my-app/
[Wed Dec 10 12:54:25.177445 2025] [:error] [pid 10700:tid 1472] [client ::1:51210] PHP Stack trace:, referer: http://localhost/my-app/
[Wed Dec 10 12:54:25.177445 2025] [:error] [pid 10700:tid 1472] [client ::1:51210] PHP   1. {main}() C:\\Users\\pi41dcg\\Downloads\\UwAmp\\UwAmp\\www\\my-app\\public\\index.php:0, referer: http://localhost/my-app/
[Wed Dec 10 12:54:25.178443 2025] [:error] [pid 10700:tid 1472] [client ::1:51210] PHP Fatal error:  require_once(): Failed opening required 'C:\\Users\\pi41dcg\\Downloads\\UwAmp\\UwAmp\\www\\my-app\\public/includes/auth.php' (include_path='.;C:\\php\\pear') in C:\\Users\\pi41dcg\\Downloads\\UwAmp\\UwAmp\\www\\my-app\\public\\index.php on line 2, referer: http://localhost/my-app/
[Wed Dec 10 12:54:25.178443 2025] [:error] [pid 10700:tid 1472] [client ::1:51210] PHP Stack trace:, referer: http://localhost/my-app/
[Wed Dec 10 12:54:25.178443 2025] [:error] [pid 10700:tid 1472] [client ::1:51210] PHP   1. {main}() C:\\Users\\pi41dcg\\Downloads\\UwAmp\\UwAmp\\www\\my-app\\public\\index.php:0, referer: http://localhost/my-app/
[Wed Dec 10 12:54:25.306119 2025] [:error] [pid 10700:tid 1472] [client ::1:51210] PHP Warning:  require_once(C:\\Users\\pi41dcg\\Downloads\\UwAmp\\UwAmp\\www\\my-app\\public/includes/auth.php): failed to open stream: No such file or directory in C:\\Users\\pi41dcg\\Downloads\\UwAmp\\UwAmp\\www\\my-app\\public\\index.php on line 2, referer: http://localhost/my-app/
[Wed Dec 10 12:54:25.306119 2025] [:error] [pid 10700:tid 1472] [client ::1:51210] PHP Stack trace:, referer: http://localhost/my-app/
[Wed Dec 10 12:54:25.306119 2025] [:error] [pid 10700:tid 1472] [client ::1:51210] PHP   1. {main}() C:\\Users\\pi41dcg\\Downloads\\UwAmp\\UwAmp\\www\\my-app\\public\\index.php:0, referer: http://localhost/my-app/
[Wed Dec 10 12:54:25.306119 2025] [:error] [pid 10700:tid 1472] [client ::1:51210] PHP Fatal error:  require_once(): Failed opening required 'C:\\Users\\pi41dcg\\Downloads\\UwAmp\\UwAmp\\www\\my-app\\public/includes/auth.php' (include_path='.;C:\\php\\pear') in C:\\Users\\pi41dcg\\Downloads\\UwAmp\\UwAmp\\www\\my-app\\public\\index.php on line 2, referer: http://localhost/my-app/
[Wed Dec 10 12:54:25.306119 2025] [:error] [pid 10700:tid 1472] [client ::1:51210] PHP Stack trace:, referer: http://localhost/my-app/
[Wed Dec 10 12:54:25.306119 2025] [:error] [pid 10700:tid 1472] [client ::1:51210] PHP   1. {main}() C:\\Users\\pi41dcg\\Downloads\\UwAmp\\UwAmp\\www\\my-app\\public\\index.php:0, referer: http://localhost/my-app/
[Wed Dec 10 12:54:25.478541 2025] [:error] [pid 10700:tid 1472] [client ::1:51210] PHP Warning:  require_once(C:\\Users\\pi41dcg\\Downloads\\UwAmp\\UwAmp\\www\\my-app\\public/includes/auth.php): failed to open stream: No such file or directory in C:\\Users\\pi41dcg\\Downloads\\UwAmp\\UwAmp\\www\\my-app\\public\\index.php on line 2, referer: http://localhost/my-app/
[Wed Dec 10 12:54:25.478541 2025] [:error] [pid 10700:tid 1472] [client ::1:51210] PHP Stack trace:, referer: http://localhost/my-app/
[Wed Dec 10 12:54:25.478541 2025] [:error] [pid 10700:tid 1472] [client ::1:51210] PHP   1. {main}() C:\\Users\\pi41dcg\\Downloads\\UwAmp\\UwAmp\\www\\my-app\\public\\index.php:0, referer: http://localhost/my-app/
[Wed Dec 10 12:54:25.478541 2025] [:error] [pid 10700:tid 1472] [client ::1:51210] PHP Fatal error:  require_once(): Failed opening required 'C:\\Users\\pi41dcg\\Downloads\\UwAmp\\UwAmp\\www\\my-app\\public/includes/auth.php' (include_path='.;C:\\php\\pear') in C:\\Users\\pi41dcg\\Downloads\\UwAmp\\UwAmp\\www\\my-app\\public\\index.php on line 2, referer: http://localhost/my-app/
[Wed Dec 10 12:54:25.478541 2025] [:error] [pid 10700:tid 1472] [client ::1:51210] PHP Stack trace:, referer: http://localhost/my-app/
[Wed Dec 10 12:54:25.478541 2025] [:error] [pid 10700:tid 1472] [client ::1:51210] PHP   1. {main}() C:\\Users\\pi41dcg\\Downloads\\UwAmp\\UwAmp\\www\\my-app\\public\\index.php:0, referer: http://localhost/my-app/
[Wed Dec 10 12:54:25.636314 2025] [:error] [pid 10700:tid 1472] [client ::1:51210] PHP Warning:  require_once(C:\\Users\\pi41dcg\\Downloads\\UwAmp\\UwAmp\\www\\my-app\\public/includes/auth.php): failed to open stream: No such file or directory in C:\\Users\\pi41dcg\\Downloads\\UwAmp\\UwAmp\\www\\my-app\\public\\index.php on line 2, referer: http://localhost/my-app/
[Wed Dec 10 12:54:25.636314 2025] [:error] [pid 10700:tid 1472] [client ::1:51210] PHP Stack trace:, referer: http://localhost/my-app/
[Wed Dec 10 12:54:25.636314 2025] [:error] [pid 10700:tid 1472] [client ::1:51210] PHP   1. {main}() C:\\Users\\pi41dcg\\Downloads\\UwAmp\\UwAmp\\www\\my-app\\public\\index.php:0, referer: http://localhost/my-app/
[Wed Dec 10 12:54:25.636314 2025] [:error] [pid 10700:tid 1472] [client ::1:51210] PHP Fatal error:  require_once(): Failed opening required 'C:\\Users\\pi41dcg\\Downloads\\UwAmp\\UwAmp\\www\\my-app\\public/includes/auth.php' (include_path='.;C:\\php\\pear') in C:\\Users\\pi41dcg\\Downloads\\UwAmp\\UwAmp\\www\\my-app\\public\\index.php on line 2, referer: http://localhost/my-app/
[Wed Dec 10 12:54:25.636314 2025] [:error] [pid 10700:tid 1472] [client ::1:51210] PHP Stack trace:, referer: http://localhost/my-app/
[Wed Dec 10 12:54:25.636314 2025] [:error] [pid 10700:tid 1472] [client ::1:51210] PHP   1. {main}() C:\\Users\\pi41dcg\\Downloads\\UwAmp\\UwAmp\\www\\my-app\\public\\index.php:0, referer: http://localhost/my-app/
[Wed Dec 10 12:55:09.292712 2025] [:error] [pid 10700:tid 1472] [client ::1:51211] PHP Warning:  require_once(C:\\Users\\pi41dcg\\Downloads\\UwAmp\\UwAmp\\www\\my-app\\public/includes/auth.php): failed to open stream: No such file or directory in C:\\Users\\pi41dcg\\Downloads\\UwAmp\\UwAmp\\www\\my-app\\public\\index.php on line 2, referer: http://localhost/my-app/
[Wed Dec 10 12:55:09.292712 2025] [:error] [pid 10700:tid 1472] [client ::1:51211] PHP Stack trace:, referer: http://localhost/my-app/
[Wed Dec 10 12:55:09.292712 2025] [:error] [pid 10700:tid 1472] [client ::1:51211] PHP   1. {main}() C:\\Users\\pi41dcg\\Downloads\\UwAmp\\UwAmp\\www\\my-app\\public\\index.php:0, referer: http://localhost/my-app/
[Wed Dec 10 12:55:09.292712 2025] [:error] [pid 10700:tid 1472] [client ::1:51211] PHP Fatal error:  require_once(): Failed opening required 'C:\\Users\\pi41dcg\\Downloads\\UwAmp\\UwAmp\\www\\my-app\\public/includes/auth.php' (include_path='.;C:\\php\\pear') in C:\\Users\\pi41dcg\\Downloads\\UwAmp\\UwAmp\\www\\my-app\\public\\index.php on line 2, referer: http://localhost/my-app/
[Wed Dec 10 12:55:09.292712 2025] [:error] [pid 10700:tid 1472] [client ::1:51211] PHP Stack trace:, referer: http://localhost/my-app/
[Wed Dec 10 12:55:09.292712 2025] [:error] [pid 10700:tid 1472] [client ::1:51211] PHP   1. {main}() C:\\Users\\pi41dcg\\Downloads\\UwAmp\\UwAmp\\www\\my-app\\public\\index.php:0, referer: http://localhost/my-app/
[Wed Dec 10 12:56:45.207991 2025] [:error] [pid 10700:tid 1424] [client ::1:51309] PHP Warning:  require_once(C:\\Users\\pi41dcg\\Downloads\\UwAmp\\UwAmp\\www\\my-app\\public/includes/db.php): failed to open stream: No such file or directory in C:\\Users\\pi41dcg\\Downloads\\UwAmp\\UwAmp\\www\\my-app\\public\\register.php on line 2, referer: http://localhost/my-app/public/index.php
[Wed Dec 10 12:56:45.207991 2025] [:error] [pid 10700:tid 1424] [client ::1:51309] PHP Stack trace:, referer: http://localhost/my-app/public/index.php
[Wed Dec 10 12:56:45.207991 2025] [:error] [pid 10700:tid 1424] [client ::1:51309] PHP   1. {main}() C:\\Users\\pi41dcg\\Downloads\\UwAmp\\UwAmp\\www\\my-app\\public\\register.php:0, referer: http://localhost/my-app/public/index.php
[Wed Dec 10 12:56:45.207991 2025] [:error] [pid 10700:tid 1424] [client ::1:51309] PHP Fatal error:  require_once(): Failed opening required 'C:\\Users\\pi41dcg\\Downloads\\UwAmp\\UwAmp\\www\\my-app\\public/includes/db.php' (include_path='.;C:\\php\\pear') in C:\\Users\\pi41dcg\\Downloads\\UwAmp\\UwAmp\\www\\my-app\\public\\register.php on line 2, referer: http://localhost/my-app/public/index.php
[Wed Dec 10 12:56:45.207991 2025] [:error] [pid 10700:tid 1424] [client ::1:51309] PHP Stack trace:, referer: http://localhost/my-app/public/index.php
[Wed Dec 10 12:56:45.207991 2025] [:error] [pid 10700:tid 1424] [client ::1:51309] PHP   1. {main}() C:\\Users\\pi41dcg\\Downloads\\UwAmp\\UwAmp\\www\\my-app\\public\\register.php:0, referer: http://localhost/my-app/public/index.php
[Wed Dec 10 12:59:17.715173 2025] [:error] [pid 10700:tid 1424] [client ::1:51370] PHP Warning:  require_once(C:\\Users\\pi41dcg\\Downloads\\UwAmp\\UwAmp\\www\\my-app\\public../includes/db.php): failed to open stream: No such file or directory in C:\\Users\\pi41dcg\\Downloads\\UwAmp\\UwAmp\\www\\my-app\\public\\register.php on line 2, referer: http://localhost/my-app/public/index.php
[Wed Dec 10 12:59:17.715173 2025] [:error] [pid 10700:tid 1424] [client ::1:51370] PHP Stack trace:, referer: http://localhost/my-app/public/index.php
[Wed Dec 10 12:59:17.715173 2025] [:error] [pid 10700:tid 1424] [client ::1:51370] PHP   1. {main}() C:\\Users\\pi41dcg\\Downloads\\UwAmp\\UwAmp\\www\\my-app\\public\\register.php:0, referer: http://localhost/my-app/public/index.php
[Wed Dec 10 12:59:17.715173 2025] [:error] [pid 10700:tid 1424] [client ::1:51370] PHP Fatal error:  require_once(): Failed opening required 'C:\\Users\\pi41dcg\\Downloads\\UwAmp\\UwAmp\\www\\my-app\\public../includes/db.php' (include_path='.;C:\\php\\pear') in C:\\Users\\pi41dcg\\Downloads\\UwAmp\\UwAmp\\www\\my-app\\public\\register.php on line 2, referer: http://localhost/my-app/public/index.php
[Wed Dec 10 12:59:17.715173 2025] [:error] [pid 10700:tid 1424] [client ::1:51370] PHP Stack trace:, referer: http://localhost/my-app/public/index.php
[Wed Dec 10 12:59:17.715173 2025] [:error] [pid 10700:tid 1424] [client ::1:51370] PHP   1. {main}() C:\\Users\\pi41dcg\\Downloads\\UwAmp\\UwAmp\\www\\my-app\\public\\register.php:0, referer: http://localhost/my-app/public/index.php
[Wed Dec 10 12:59:22.641145 2025] [:error] [pid 10700:tid 1424] [client ::1:51370] PHP Warning:  require_once(C:\\Users\\pi41dcg\\Downloads\\UwAmp\\UwAmp\\www\\my-app\\public../includes/db.php): failed to open stream: No such file or directory in C:\\Users\\pi41dcg\\Downloads\\UwAmp\\UwAmp\\www\\my-app\\public\\register.php on line 2, referer: http://localhost/my-app/public/index.php
[Wed Dec 10 12:59:22.641145 2025] [:error] [pid 10700:tid 1424] [client ::1:51370] PHP Stack trace:, referer: http://localhost/my-app/public/index.php
[Wed Dec 10 12:59:22.641145 2025] [:error] [pid 10700:tid 1424] [client ::1:51370] PHP   1. {main}() C:\\Users\\pi41dcg\\Downloads\\UwAmp\\UwAmp\\www\\my-app\\public\\register.php:0, referer: http://localhost/my-app/public/index.php
[Wed Dec 10 12:59:22.641145 2025] [:error] [pid 10700:tid 1424] [client ::1:51370] PHP Fatal error:  require_once(): Failed opening required 'C:\\Users\\pi41dcg\\Downloads\\UwAmp\\UwAmp\\www\\my-app\\public../includes/db.php' (include_path='.;C:\\php\\pear') in C:\\Users\\pi41dcg\\Downloads\\UwAmp\\UwAmp\\www\\my-app\\public\\register.php on line 2, referer: http://localhost/my-app/public/index.php
[Wed Dec 10 12:59:22.641145 2025] [:error] [pid 10700:tid 1424] [client ::1:51370] PHP Stack trace:, referer: http://localhost/my-app/public/index.php
[Wed Dec 10 12:59:22.641145 2025] [:error] [pid 10700:tid 1424] [client ::1:51370] PHP   1. {main}() C:\\Users\\pi41dcg\\Downloads\\UwAmp\\UwAmp\\www\\my-app\\public\\register.php:0, referer: http://localhost/my-app/public/index.php
[Wed Dec 10 12:59:23.052734 2025] [:error] [pid 10700:tid 1424] [client ::1:51370] PHP Warning:  require_once(C:\\Users\\pi41dcg\\Downloads\\UwAmp\\UwAmp\\www\\my-app\\public../includes/db.php): failed to open stream: No such file or directory in C:\\Users\\pi41dcg\\Downloads\\UwAmp\\UwAmp\\www\\my-app\\public\\register.php on line 2, referer: http://localhost/my-app/public/index.php
[Wed Dec 10 12:59:23.052734 2025] [:error] [pid 10700:tid 1424] [client ::1:51370] PHP Stack trace:, referer: http://localhost/my-app/public/index.php
[Wed Dec 10 12:59:23.052734 2025] [:error] [pid 10700:tid 1424] [client ::1:51370] PHP   1. {main}() C:\\Users\\pi41dcg\\Downloads\\UwAmp\\UwAmp\\www\\my-app\\public\\register.php:0, referer: http://localhost/my-app/public/index.php
[Wed Dec 10 12:59:23.052734 2025] [:error] [pid 10700:tid 1424] [client ::1:51370] PHP Fatal error:  require_once(): Failed opening required 'C:\\Users\\pi41dcg\\Downloads\\UwAmp\\UwAmp\\www\\my-app\\public../includes/db.php' (include_path='.;C:\\php\\pear') in C:\\Users\\pi41dcg\\Downloads\\UwAmp\\UwAmp\\www\\my-app\\public\\register.php on line 2, referer: http://localhost/my-app/public/index.php
[Wed Dec 10 12:59:23.052734 2025] [:error] [pid 10700:tid 1424] [client ::1:51370] PHP Stack trace:, referer: http://localhost/my-app/public/index.php
[Wed Dec 10 12:59:23.052734 2025] [:error] [pid 10700:tid 1424] [client ::1:51370] PHP   1. {main}() C:\\Users\\pi41dcg\\Downloads\\UwAmp\\UwAmp\\www\\my-app\\public\\register.php:0, referer: http://localhost/my-app/public/index.php
[Wed Dec 10 12:59:23.269000 2025] [:error] [pid 10700:tid 1424] [client ::1:51370] PHP Warning:  require_once(C:\\Users\\pi41dcg\\Downloads\\UwAmp\\UwAmp\\www\\my-app\\public../includes/db.php): failed to open stream: No such file or directory in C:\\Users\\pi41dcg\\Downloads\\UwAmp\\UwAmp\\www\\my-app\\public\\register.php on line 2, referer: http://localhost/my-app/public/index.php
[Wed Dec 10 12:59:23.269000 2025] [:error] [pid 10700:tid 1424] [client ::1:51370] PHP Stack trace:, referer: http://localhost/my-app/public/index.php
[Wed Dec 10 12:59:23.269000 2025] [:error] [pid 10700:tid 1424] [client ::1:51370] PHP   1. {main}() C:\\Users\\pi41dcg\\Downloads\\UwAmp\\UwAmp\\www\\my-app\\public\\register.php:0, referer: http://localhost/my-app/public/index.php
[Wed Dec 10 12:59:23.270002 2025] [:error] [pid 10700:tid 1424] [client ::1:51370] PHP Fatal error:  require_once(): Failed opening required 'C:\\Users\\pi41dcg\\Downloads\\UwAmp\\UwAmp\\www\\my-app\\public../includes/db.php' (include_path='.;C:\\php\\pear') in C:\\Users\\pi41dcg\\Downloads\\UwAmp\\UwAmp\\www\\my-app\\public\\register.php on line 2, referer: http://localhost/my-app/public/index.php
[Wed Dec 10 12:59:23.270002 2025] [:error] [pid 10700:tid 1424] [client ::1:51370] PHP Stack trace:, referer: http://localhost/my-app/public/index.php
[Wed Dec 10 12:59:23.270002 2025] [:error] [pid 10700:tid 1424] [client ::1:51370] PHP   1. {main}() C:\\Users\\pi41dcg\\Downloads\\UwAmp\\UwAmp\\www\\my-app\\public\\register.php:0, referer: http://localhost/my-app/public/index.php
[Wed Dec 10 12:59:23.420409 2025] [:error] [pid 10700:tid 1424] [client ::1:51370] PHP Warning:  require_once(C:\\Users\\pi41dcg\\Downloads\\UwAmp\\UwAmp\\www\\my-app\\public../includes/db.php): failed to open stream: No such file or directory in C:\\Users\\pi41dcg\\Downloads\\UwAmp\\UwAmp\\www\\my-app\\public\\register.php on line 2, referer: http://localhost/my-app/public/index.php
[Wed Dec 10 12:59:23.420409 2025] [:error] [pid 10700:tid 1424] [client ::1:51370] PHP Stack trace:, referer: http://localhost/my-app/public/index.php
[Wed Dec 10 12:59:23.420409 2025] [:error] [pid 10700:tid 1424] [client ::1:51370] PHP   1. {main}() C:\\Users\\pi41dcg\\Downloads\\UwAmp\\UwAmp\\www\\my-app\\public\\register.php:0, referer: http://localhost/my-app/public/index.php
[Wed Dec 10 12:59:23.420409 2025] [:error] [pid 10700:tid 1424] [client ::1:51370] PHP Fatal error:  require_once(): Failed opening required 'C:\\Users\\pi41dcg\\Downloads\\UwAmp\\UwAmp\\www\\my-app\\public../includes/db.php' (include_path='.;C:\\php\\pear') in C:\\Users\\pi41dcg\\Downloads\\UwAmp\\UwAmp\\www\\my-app\\public\\register.php on line 2, referer: http://localhost/my-app/public/index.php
[Wed Dec 10 12:59:23.420409 2025] [:error] [pid 10700:tid 1424] [client ::1:51370] PHP Stack trace:, referer: http://localhost/my-app/public/index.php
[Wed Dec 10 12:59:23.420409 2025] [:error] [pid 10700:tid 1424] [client ::1:51370] PHP   1. {main}() C:\\Users\\pi41dcg\\Downloads\\UwAmp\\UwAmp\\www\\my-app\\public\\register.php:0, referer: http://localhost/my-app/public/index.php
[Wed Dec 10 12:59:23.586197 2025] [:error] [pid 10700:tid 1424] [client ::1:51370] PHP Warning:  require_once(C:\\Users\\pi41dcg\\Downloads\\UwAmp\\UwAmp\\www\\my-app\\public../includes/db.php): failed to open stream: No such file or directory in C:\\Users\\pi41dcg\\Downloads\\UwAmp\\UwAmp\\www\\my-app\\public\\register.php on line 2, referer: http://localhost/my-app/public/index.php
[Wed Dec 10 12:59:23.586197 2025] [:error] [pid 10700:tid 1424] [client ::1:51370] PHP Stack trace:, referer: http://localhost/my-app/public/index.php
[Wed Dec 10 12:59:23.586197 2025] [:error] [pid 10700:tid 1424] [client ::1:51370] PHP   1. {main}() C:\\Users\\pi41dcg\\Downloads\\UwAmp\\UwAmp\\www\\my-app\\public\\register.php:0, referer: http://localhost/my-app/public/index.php
[Wed Dec 10 12:59:23.586197 2025] [:error] [pid 10700:tid 1424] [client ::1:51370] PHP Fatal error:  require_once(): Failed opening required 'C:\\Users\\pi41dcg\\Downloads\\UwAmp\\UwAmp\\www\\my-app\\public../includes/db.php' (include_path='.;C:\\php\\pear') in C:\\Users\\pi41dcg\\Downloads\\UwAmp\\UwAmp\\www\\my-app\\public\\register.php on line 2, referer: http://localhost/my-app/public/index.php
[Wed Dec 10 12:59:23.586197 2025] [:error] [pid 10700:tid 1424] [client ::1:51370] PHP Stack trace:, referer: http://localhost/my-app/public/index.php
[Wed Dec 10 12:59:23.586197 2025] [:error] [pid 10700:tid 1424] [client ::1:51370] PHP   1. {main}() C:\\Users\\pi41dcg\\Downloads\\UwAmp\\UwAmp\\www\\my-app\\public\\register.php:0, referer: http://localhost/my-app/public/index.php
[Wed Dec 10 12:59:23.747417 2025] [:error] [pid 10700:tid 1424] [client ::1:51370] PHP Warning:  require_once(C:\\Users\\pi41dcg\\Downloads\\UwAmp\\UwAmp\\www\\my-app\\public../includes/db.php): failed to open stream: No such file or directory in C:\\Users\\pi41dcg\\Downloads\\UwAmp\\UwAmp\\www\\my-app\\public\\register.php on line 2, referer: http://localhost/my-app/public/index.php
[Wed Dec 10 12:59:23.747417 2025] [:error] [pid 10700:tid 1424] [client ::1:51370] PHP Stack trace:, referer: http://localhost/my-app/public/index.php
[Wed Dec 10 12:59:23.747417 2025] [:error] [pid 10700:tid 1424] [client ::1:51370] PHP   1. {main}() C:\\Users\\pi41dcg\\Downloads\\UwAmp\\UwAmp\\www\\my-app\\public\\register.php:0, referer: http://localhost/my-app/public/index.php
[Wed Dec 10 12:59:23.747417 2025] [:error] [pid 10700:tid 1424] [client ::1:51370] PHP Fatal error:  require_once(): Failed opening required 'C:\\Users\\pi41dcg\\Downloads\\UwAmp\\UwAmp\\www\\my-app\\public../includes/db.php' (include_path='.;C:\\php\\pear') in C:\\Users\\pi41dcg\\Downloads\\UwAmp\\UwAmp\\www\\my-app\\public\\register.php on line 2, referer: http://localhost/my-app/public/index.php
[Wed Dec 10 12:59:23.747417 2025] [:error] [pid 10700:tid 1424] [client ::1:51370] PHP Stack trace:, referer: http://localhost/my-app/public/index.php
[Wed Dec 10 12:59:23.747417 2025] [:error] [pid 10700:tid 1424] [client ::1:51370] PHP   1. {main}() C:\\Users\\pi41dcg\\Downloads\\UwAmp\\UwAmp\\www\\my-app\\public\\register.php:0, referer: http://localhost/my-app/public/index.php
[Wed Dec 10 12:59:49.169227 2025] [:error] [pid 10700:tid 1424] [client ::1:51371] PHP Warning:  require_once(C:\\Users\\pi41dcg\\Downloads\\UwAmp\\UwAmp\\www\\my-app\\public../includes/db.php): failed to open stream: No such file or directory in C:\\Users\\pi41dcg\\Downloads\\UwAmp\\UwAmp\\www\\my-app\\public\\register.php on line 2, referer: http://localhost/my-app/public/index.php
[Wed Dec 10 12:59:49.169227 2025] [:error] [pid 10700:tid 1424] [client ::1:51371] PHP Stack trace:, referer: http://localhost/my-app/public/index.php
[Wed Dec 10 12:59:49.169227 2025] [:error] [pid 10700:tid 1424] [client ::1:51371] PHP   1. {main}() C:\\Users\\pi41dcg\\Downloads\\UwAmp\\UwAmp\\www\\my-app\\public\\register.php:0, referer: http://localhost/my-app/public/index.php
[Wed Dec 10 12:59:49.169227 2025] [:error] [pid 10700:tid 1424] [client ::1:51371] PHP Fatal error:  require_once(): Failed opening required 'C:\\Users\\pi41dcg\\Downloads\\UwAmp\\UwAmp\\www\\my-app\\public../includes/db.php' (include_path='.;C:\\php\\pear') in C:\\Users\\pi41dcg\\Downloads\\UwAmp\\UwAmp\\www\\my-app\\public\\register.php on line 2, referer: http://localhost/my-app/public/index.php
[Wed Dec 10 12:59:49.169227 2025] [:error] [pid 10700:tid 1424] [client ::1:51371] PHP Stack trace:, referer: http://localhost/my-app/public/index.php
[Wed Dec 10 12:59:49.169227 2025] [:error] [pid 10700:tid 1424] [client ::1:51371] PHP   1. {main}() C:\\Users\\pi41dcg\\Downloads\\UwAmp\\UwAmp\\www\\my-app\\public\\register.php:0, referer: http://localhost/my-app/public/index.php
[Wed Dec 10 12:59:49.753813 2025] [:error] [pid 10700:tid 1424] [client ::1:51371] PHP Warning:  require_once(C:\\Users\\pi41dcg\\Downloads\\UwAmp\\UwAmp\\www\\my-app\\public../includes/db.php): failed to open stream: No such file or directory in C:\\Users\\pi41dcg\\Downloads\\UwAmp\\UwAmp\\www\\my-app\\public\\register.php on line 2, referer: http://localhost/my-app/public/index.php
[Wed Dec 10 12:59:49.753813 2025] [:error] [pid 10700:tid 1424] [client ::1:51371] PHP Stack trace:, referer: http://localhost/my-app/public/index.php
[Wed Dec 10 12:59:49.753813 2025] [:error] [pid 10700:tid 1424] [client ::1:51371] PHP   1. {main}() C:\\Users\\pi41dcg\\Downloads\\UwAmp\\UwAmp\\www\\my-app\\public\\register.php:0, referer: http://localhost/my-app/public/index.php
[Wed Dec 10 12:59:49.753813 2025] [:error] [pid 10700:tid 1424] [client ::1:51371] PHP Fatal error:  require_once(): Failed opening required 'C:\\Users\\pi41dcg\\Downloads\\UwAmp\\UwAmp\\www\\my-app\\public../includes/db.php' (include_path='.;C:\\php\\pear') in C:\\Users\\pi41dcg\\Downloads\\UwAmp\\UwAmp\\www\\my-app\\public\\register.php on line 2, referer: http://localhost/my-app/public/index.php
[Wed Dec 10 12:59:49.753813 2025] [:error] [pid 10700:tid 1424] [client ::1:51371] PHP Stack trace:, referer: http://localhost/my-app/public/index.php
[Wed Dec 10 12:59:49.753813 2025] [:error] [pid 10700:tid 1424] [client ::1:51371] PHP   1. {main}() C:\\Users\\pi41dcg\\Downloads\\UwAmp\\UwAmp\\www\\my-app\\public\\register.php:0, referer: http://localhost/my-app/public/index.php
[Wed Dec 10 12:59:49.965237 2025] [:error] [pid 10700:tid 1424] [client ::1:51371] PHP Warning:  require_once(C:\\Users\\pi41dcg\\Downloads\\UwAmp\\UwAmp\\www\\my-app\\public../includes/db.php): failed to open stream: No such file or directory in C:\\Users\\pi41dcg\\Downloads\\UwAmp\\UwAmp\\www\\my-app\\public\\register.php on line 2, referer: http://localhost/my-app/public/index.php
[Wed Dec 10 12:59:49.965237 2025] [:error] [pid 10700:tid 1424] [client ::1:51371] PHP Stack trace:, referer: http://localhost/my-app/public/index.php
[Wed Dec 10 12:59:49.965237 2025] [:error] [pid 10700:tid 1424] [client ::1:51371] PHP   1. {main}() C:\\Users\\pi41dcg\\Downloads\\UwAmp\\UwAmp\\www\\my-app\\public\\register.php:0, referer: http://localhost/my-app/public/index.php
[Wed Dec 10 12:59:49.965237 2025] [:error] [pid 10700:tid 1424] [client ::1:51371] PHP Fatal error:  require_once(): Failed opening required 'C:\\Users\\pi41dcg\\Downloads\\UwAmp\\UwAmp\\www\\my-app\\public../includes/db.php' (include_path='.;C:\\php\\pear') in C:\\Users\\pi41dcg\\Downloads\\UwAmp\\UwAmp\\www\\my-app\\public\\register.php on line 2, referer: http://localhost/my-app/public/index.php
[Wed Dec 10 12:59:49.965237 2025] [:error] [pid 10700:tid 1424] [client ::1:51371] PHP Stack trace:, referer: http://localhost/my-app/public/index.php
[Wed Dec 10 12:59:49.965237 2025] [:error] [pid 10700:tid 1424] [client ::1:51371] PHP   1. {main}() C:\\Users\\pi41dcg\\Downloads\\UwAmp\\UwAmp\\www\\my-app\\public\\register.php:0, referer: http://localhost/my-app/public/index.php
[Wed Dec 10 12:59:50.121787 2025] [:error] [pid 10700:tid 1424] [client ::1:51371] PHP Warning:  require_once(C:\\Users\\pi41dcg\\Downloads\\UwAmp\\UwAmp\\www\\my-app\\public../includes/db.php): failed to open stream: No such file or directory in C:\\Users\\pi41dcg\\Downloads\\UwAmp\\UwAmp\\www\\my-app\\public\\register.php on line 2, referer: http://localhost/my-app/public/index.php
[Wed Dec 10 12:59:50.121787 2025] [:error] [pid 10700:tid 1424] [client ::1:51371] PHP Stack trace:, referer: http://localhost/my-app/public/index.php
[Wed Dec 10 12:59:50.121787 2025] [:error] [pid 10700:tid 1424] [client ::1:51371] PHP   1. {main}() C:\\Users\\pi41dcg\\Downloads\\UwAmp\\UwAmp\\www\\my-app\\public\\register.php:0, referer: http://localhost/my-app/public/index.php
[Wed Dec 10 12:59:50.121787 2025] [:error] [pid 10700:tid 1424] [client ::1:51371] PHP Fatal error:  require_once(): Failed opening required 'C:\\Users\\pi41dcg\\Downloads\\UwAmp\\UwAmp\\www\\my-app\\public../includes/db.php' (include_path='.;C:\\php\\pear') in C:\\Users\\pi41dcg\\Downloads\\UwAmp\\UwAmp\\www\\my-app\\public\\register.php on line 2, referer: http://localhost/my-app/public/index.php
[Wed Dec 10 12:59:50.121787 2025] [:error] [pid 10700:tid 1424] [client ::1:51371] PHP Stack trace:, referer: http://localhost/my-app/public/index.php
[Wed Dec 10 12:59:50.121787 2025] [:error] [pid 10700:tid 1424] [client ::1:51371] PHP   1. {main}() C:\\Users\\pi41dcg\\Downloads\\UwAmp\\UwAmp\\www\\my-app\\public\\register.php:0, referer: http://localhost/my-app/public/index.php
[Wed Dec 10 12:59:50.284637 2025] [:error] [pid 10700:tid 1424] [client ::1:51371] PHP Warning:  require_once(C:\\Users\\pi41dcg\\Downloads\\UwAmp\\UwAmp\\www\\my-app\\public../includes/db.php): failed to open stream: No such file or directory in C:\\Users\\pi41dcg\\Downloads\\UwAmp\\UwAmp\\www\\my-app\\public\\register.php on line 2, referer: http://localhost/my-app/public/index.php
[Wed Dec 10 12:59:50.284637 2025] [:error] [pid 10700:tid 1424] [client ::1:51371] PHP Stack trace:, referer: http://localhost/my-app/public/index.php
[Wed Dec 10 12:59:50.284637 2025] [:error] [pid 10700:tid 1424] [client ::1:51371] PHP   1. {main}() C:\\Users\\pi41dcg\\Downloads\\UwAmp\\UwAmp\\www\\my-app\\public\\register.php:0, referer: http://localhost/my-app/public/index.php
[Wed Dec 10 12:59:50.284637 2025] [:error] [pid 10700:tid 1424] [client ::1:51371] PHP Fatal error:  require_once(): Failed opening required 'C:\\Users\\pi41dcg\\Downloads\\UwAmp\\UwAmp\\www\\my-app\\public../includes/db.php' (include_path='.;C:\\php\\pear') in C:\\Users\\pi41dcg\\Downloads\\UwAmp\\UwAmp\\www\\my-app\\public\\register.php on line 2, referer: http://localhost/my-app/public/index.php
[Wed Dec 10 12:59:50.284637 2025] [:error] [pid 10700:tid 1424] [client ::1:51371] PHP Stack trace:, referer: http://localhost/my-app/public/index.php
[Wed Dec 10 12:59:50.284637 2025] [:error] [pid 10700:tid 1424] [client ::1:51371] PHP   1. {main}() C:\\Users\\pi41dcg\\Downloads\\UwAmp\\UwAmp\\www\\my-app\\public\\register.php:0, referer: http://localhost/my-app/public/index.php
[Wed Dec 10 12:59:50.419539 2025] [:error] [pid 10700:tid 1424] [client ::1:51371] PHP Warning:  require_once(C:\\Users\\pi41dcg\\Downloads\\UwAmp\\UwAmp\\www\\my-app\\public../includes/db.php): failed to open stream: No such file or directory in C:\\Users\\pi41dcg\\Downloads\\UwAmp\\UwAmp\\www\\my-app\\public\\register.php on line 2, referer: http://localhost/my-app/public/index.php
[Wed Dec 10 12:59:50.419539 2025] [:error] [pid 10700:tid 1424] [client ::1:51371] PHP Stack trace:, referer: http://localhost/my-app/public/index.php
[Wed Dec 10 12:59:50.419539 2025] [:error] [pid 10700:tid 1424] [client ::1:51371] PHP   1. {main}() C:\\Users\\pi41dcg\\Downloads\\UwAmp\\UwAmp\\www\\my-app\\public\\register.php:0, referer: http://localhost/my-app/public/index.php
[Wed Dec 10 12:59:50.419539 2025] [:error] [pid 10700:tid 1424] [client ::1:51371] PHP Fatal error:  require_once(): Failed opening required 'C:\\Users\\pi41dcg\\Downloads\\UwAmp\\UwAmp\\www\\my-app\\public../includes/db.php' (include_path='.;C:\\php\\pear') in C:\\Users\\pi41dcg\\Downloads\\UwAmp\\UwAmp\\www\\my-app\\public\\register.php on line 2, referer: http://localhost/my-app/public/index.php
[Wed Dec 10 12:59:50.419539 2025] [:error] [pid 10700:tid 1424] [client ::1:51371] PHP Stack trace:, referer: http://localhost/my-app/public/index.php
[Wed Dec 10 12:59:50.419539 2025] [:error] [pid 10700:tid 1424] [client ::1:51371] PHP   1. {main}() C:\\Users\\pi41dcg\\Downloads\\UwAmp\\UwAmp\\www\\my-app\\public\\register.php:0, referer: http://localhost/my-app/public/index.php
[Wed Dec 10 12:59:50.560882 2025] [:error] [pid 10700:tid 1424] [client ::1:51371] PHP Warning:  require_once(C:\\Users\\pi41dcg\\Downloads\\UwAmp\\UwAmp\\www\\my-app\\public../includes/db.php): failed to open stream: No such file or directory in C:\\Users\\pi41dcg\\Downloads\\UwAmp\\UwAmp\\www\\my-app\\public\\register.php on line 2, referer: http://localhost/my-app/public/index.php
[Wed Dec 10 12:59:50.560882 2025] [:error] [pid 10700:tid 1424] [client ::1:51371] PHP Stack trace:, referer: http://localhost/my-app/public/index.php
[Wed Dec 10 12:59:50.560882 2025] [:error] [pid 10700:tid 1424] [client ::1:51371] PHP   1. {main}() C:\\Users\\pi41dcg\\Downloads\\UwAmp\\UwAmp\\www\\my-app\\public\\register.php:0, referer: http://localhost/my-app/public/index.php
[Wed Dec 10 12:59:50.560882 2025] [:error] [pid 10700:tid 1424] [client ::1:51371] PHP Fatal error:  require_once(): Failed opening required 'C:\\Users\\pi41dcg\\Downloads\\UwAmp\\UwAmp\\www\\my-app\\public../includes/db.php' (include_path='.;C:\\php\\pear') in C:\\Users\\pi41dcg\\Downloads\\UwAmp\\UwAmp\\www\\my-app\\public\\register.php on line 2, referer: http://localhost/my-app/public/index.php
[Wed Dec 10 12:59:50.560882 2025] [:error] [pid 10700:tid 1424] [client ::1:51371] PHP Stack trace:, referer: http://localhost/my-app/public/index.php
[Wed Dec 10 12:59:50.560882 2025] [:error] [pid 10700:tid 1424] [client ::1:51371] PHP   1. {main}() C:\\Users\\pi41dcg\\Downloads\\UwAmp\\UwAmp\\www\\my-app\\public\\register.php:0, referer: http://localhost/my-app/public/index.php
[Wed Dec 10 12:59:50.718975 2025] [:error] [pid 10700:tid 1424] [client ::1:51371] PHP Warning:  require_once(C:\\Users\\pi41dcg\\Downloads\\UwAmp\\UwAmp\\www\\my-app\\public../includes/db.php): failed to open stream: No such file or directory in C:\\Users\\pi41dcg\\Downloads\\UwAmp\\UwAmp\\www\\my-app\\public\\register.php on line 2, referer: http://localhost/my-app/public/index.php
[Wed Dec 10 12:59:50.718975 2025] [:error] [pid 10700:tid 1424] [client ::1:51371] PHP Stack trace:, referer: http://localhost/my-app/public/index.php
[Wed Dec 10 12:59:50.718975 2025] [:error] [pid 10700:tid 1424] [client ::1:51371] PHP   1. {main}() C:\\Users\\pi41dcg\\Downloads\\UwAmp\\UwAmp\\www\\my-app\\public\\register.php:0, referer: http://localhost/my-app/public/index.php
[Wed Dec 10 12:59:50.718975 2025] [:error] [pid 10700:tid 1424] [client ::1:51371] PHP Fatal error:  require_once(): Failed opening required 'C:\\Users\\pi41dcg\\Downloads\\UwAmp\\UwAmp\\www\\my-app\\public../includes/db.php' (include_path='.;C:\\php\\pear') in C:\\Users\\pi41dcg\\Downloads\\UwAmp\\UwAmp\\www\\my-app\\public\\register.php on line 2, referer: http://localhost/my-app/public/index.php
[Wed Dec 10 12:59:50.718975 2025] [:error] [pid 10700:tid 1424] [client ::1:51371] PHP Stack trace:, referer: http://localhost/my-app/public/index.php
[Wed Dec 10 12:59:50.718975 2025] [:error] [pid 10700:tid 1424] [client ::1:51371] PHP   1. {main}() C:\\Users\\pi41dcg\\Downloads\\UwAmp\\UwAmp\\www\\my-app\\public\\register.php:0, referer: http://localhost/my-app/public/index.php
[Wed Dec 10 12:59:50.870459 2025] [:error] [pid 10700:tid 1424] [client ::1:51371] PHP Warning:  require_once(C:\\Users\\pi41dcg\\Downloads\\UwAmp\\UwAmp\\www\\my-app\\public../includes/db.php): failed to open stream: No such file or directory in C:\\Users\\pi41dcg\\Downloads\\UwAmp\\UwAmp\\www\\my-app\\public\\register.php on line 2, referer: http://localhost/my-app/public/index.php
[Wed Dec 10 12:59:50.870459 2025] [:error] [pid 10700:tid 1424] [client ::1:51371] PHP Stack trace:, referer: http://localhost/my-app/public/index.php
[Wed Dec 10 12:59:50.870459 2025] [:error] [pid 10700:tid 1424] [client ::1:51371] PHP   1. {main}() C:\\Users\\pi41dcg\\Downloads\\UwAmp\\UwAmp\\www\\my-app\\public\\register.php:0, referer: http://localhost/my-app/public/index.php
[Wed Dec 10 12:59:50.870459 2025] [:error] [pid 10700:tid 1424] [client ::1:51371] PHP Fatal error:  require_once(): Failed opening required 'C:\\Users\\pi41dcg\\Downloads\\UwAmp\\UwAmp\\www\\my-app\\public../includes/db.php' (include_path='.;C:\\php\\pear') in C:\\Users\\pi41dcg\\Downloads\\UwAmp\\UwAmp\\www\\my-app\\public\\register.php on line 2, referer: http://localhost/my-app/public/index.php
[Wed Dec 10 12:59:50.870459 2025] [:error] [pid 10700:tid 1424] [client ::1:51371] PHP Stack trace:, referer: http://localhost/my-app/public/index.php
[Wed Dec 10 12:59:50.870459 2025] [:error] [pid 10700:tid 1424] [client ::1:51371] PHP   1. {main}() C:\\Users\\pi41dcg\\Downloads\\UwAmp\\UwAmp\\www\\my-app\\public\\register.php:0, referer: http://localhost/my-app/public/index.php
[Wed Dec 10 12:59:51.012538 2025] [:error] [pid 10700:tid 1424] [client ::1:51371] PHP Warning:  require_once(C:\\Users\\pi41dcg\\Downloads\\UwAmp\\UwAmp\\www\\my-app\\public../includes/db.php): failed to open stream: No such file or directory in C:\\Users\\pi41dcg\\Downloads\\UwAmp\\UwAmp\\www\\my-app\\public\\register.php on line 2, referer: http://localhost/my-app/public/index.php
[Wed Dec 10 12:59:51.012538 2025] [:error] [pid 10700:tid 1424] [client ::1:51371] PHP Stack trace:, referer: http://localhost/my-app/public/index.php
[Wed Dec 10 12:59:51.012538 2025] [:error] [pid 10700:tid 1424] [client ::1:51371] PHP   1. {main}() C:\\Users\\pi41dcg\\Downloads\\UwAmp\\UwAmp\\www\\my-app\\public\\register.php:0, referer: http://localhost/my-app/public/index.php
[Wed Dec 10 12:59:51.012538 2025] [:error] [pid 10700:tid 1424] [client ::1:51371] PHP Fatal error:  require_once(): Failed opening required 'C:\\Users\\pi41dcg\\Downloads\\UwAmp\\UwAmp\\www\\my-app\\public../includes/db.php' (include_path='.;C:\\php\\pear') in C:\\Users\\pi41dcg\\Downloads\\UwAmp\\UwAmp\\www\\my-app\\public\\register.php on line 2, referer: http://localhost/my-app/public/index.php
[Wed Dec 10 12:59:51.012538 2025] [:error] [pid 10700:tid 1424] [client ::1:51371] PHP Stack trace:, referer: http://localhost/my-app/public/index.php
[Wed Dec 10 12:59:51.012538 2025] [:error] [pid 10700:tid 1424] [client ::1:51371] PHP   1. {main}() C:\\Users\\pi41dcg\\Downloads\\UwAmp\\UwAmp\\www\\my-app\\public\\register.php:0, referer: http://localhost/my-app/public/index.php
[Wed Dec 10 12:59:51.162738 2025] [:error] [pid 10700:tid 1424] [client ::1:51371] PHP Warning:  require_once(C:\\Users\\pi41dcg\\Downloads\\UwAmp\\UwAmp\\www\\my-app\\public../includes/db.php): failed to open stream: No such file or directory in C:\\Users\\pi41dcg\\Downloads\\UwAmp\\UwAmp\\www\\my-app\\public\\register.php on line 2, referer: http://localhost/my-app/public/index.php
[Wed Dec 10 12:59:51.162738 2025] [:error] [pid 10700:tid 1424] [client ::1:51371] PHP Stack trace:, referer: http://localhost/my-app/public/index.php
[Wed Dec 10 12:59:51.162738 2025] [:error] [pid 10700:tid 1424] [client ::1:51371] PHP   1. {main}() C:\\Users\\pi41dcg\\Downloads\\UwAmp\\UwAmp\\www\\my-app\\public\\register.php:0, referer: http://localhost/my-app/public/index.php
[Wed Dec 10 12:59:51.163319 2025] [:error] [pid 10700:tid 1424] [client ::1:51371] PHP Fatal error:  require_once(): Failed opening required 'C:\\Users\\pi41dcg\\Downloads\\UwAmp\\UwAmp\\www\\my-app\\public../includes/db.php' (include_path='.;C:\\php\\pear') in C:\\Users\\pi41dcg\\Downloads\\UwAmp\\UwAmp\\www\\my-app\\public\\register.php on line 2, referer: http://localhost/my-app/public/index.php
[Wed Dec 10 12:59:51.163319 2025] [:error] [pid 10700:tid 1424] [client ::1:51371] PHP Stack trace:, referer: http://localhost/my-app/public/index.php
[Wed Dec 10 12:59:51.163319 2025] [:error] [pid 10700:tid 1424] [client ::1:51371] PHP   1. {main}() C:\\Users\\pi41dcg\\Downloads\\UwAmp\\UwAmp\\www\\my-app\\public\\register.php:0, referer: http://localhost/my-app/public/index.php
[Wed Dec 10 12:59:51.387189 2025] [:error] [pid 10700:tid 1424] [client ::1:51371] PHP Warning:  require_once(C:\\Users\\pi41dcg\\Downloads\\UwAmp\\UwAmp\\www\\my-app\\public../includes/db.php): failed to open stream: No such file or directory in C:\\Users\\pi41dcg\\Downloads\\UwAmp\\UwAmp\\www\\my-app\\public\\register.php on line 2, referer: http://localhost/my-app/public/index.php
[Wed Dec 10 12:59:51.388237 2025] [:error] [pid 10700:tid 1424] [client ::1:51371] PHP Stack trace:, referer: http://localhost/my-app/public/index.php
[Wed Dec 10 12:59:51.388237 2025] [:error] [pid 10700:tid 1424] [client ::1:51371] PHP   1. {main}() C:\\Users\\pi41dcg\\Downloads\\UwAmp\\UwAmp\\www\\my-app\\public\\register.php:0, referer: http://localhost/my-app/public/index.php
[Wed Dec 10 12:59:51.388237 2025] [:error] [pid 10700:tid 1424] [client ::1:51371] PHP Fatal error:  require_once(): Failed opening required 'C:\\Users\\pi41dcg\\Downloads\\UwAmp\\UwAmp\\www\\my-app\\public../includes/db.php' (include_path='.;C:\\php\\pear') in C:\\Users\\pi41dcg\\Downloads\\UwAmp\\UwAmp\\www\\my-app\\public\\register.php on line 2, referer: http://localhost/my-app/public/index.php
[Wed Dec 10 12:59:51.388237 2025] [:error] [pid 10700:tid 1424] [client ::1:51371] PHP Stack trace:, referer: http://localhost/my-app/public/index.php
[Wed Dec 10 12:59:51.388237 2025] [:error] [pid 10700:tid 1424] [client ::1:51371] PHP   1. {main}() C:\\Users\\pi41dcg\\Downloads\\UwAmp\\UwAmp\\www\\my-app\\public\\register.php:0, referer: http://localhost/my-app/public/index.php
[Wed Dec 10 12:59:56.713747 2025] [:error] [pid 10700:tid 1428] [client ::1:51408] PHP Warning:  require_once(C:\\Users\\pi41dcg\\Downloads\\UwAmp\\UwAmp\\www\\my-app\\public../includes/db.php): failed to open stream: No such file or directory in C:\\Users\\pi41dcg\\Downloads\\UwAmp\\UwAmp\\www\\my-app\\public\\login.php on line 2, referer: http://localhost/my-app/public/
[Wed Dec 10 12:59:56.713747 2025] [:error] [pid 10700:tid 1428] [client ::1:51408] PHP Stack trace:, referer: http://localhost/my-app/public/
[Wed Dec 10 12:59:56.713747 2025] [:error] [pid 10700:tid 1428] [client ::1:51408] PHP   1. {main}() C:\\Users\\pi41dcg\\Downloads\\UwAmp\\UwAmp\\www\\my-app\\public\\login.php:0, referer: http://localhost/my-app/public/
[Wed Dec 10 12:59:56.713747 2025] [:error] [pid 10700:tid 1428] [client ::1:51408] PHP Fatal error:  require_once(): Failed opening required 'C:\\Users\\pi41dcg\\Downloads\\UwAmp\\UwAmp\\www\\my-app\\public../includes/db.php' (include_path='.;C:\\php\\pear') in C:\\Users\\pi41dcg\\Downloads\\UwAmp\\UwAmp\\www\\my-app\\public\\login.php on line 2, referer: http://localhost/my-app/public/
[Wed Dec 10 12:59:56.713747 2025] [:error] [pid 10700:tid 1428] [client ::1:51408] PHP Stack trace:, referer: http://localhost/my-app/public/
[Wed Dec 10 12:59:56.713747 2025] [:error] [pid 10700:tid 1428] [client ::1:51408] PHP   1. {main}() C:\\Users\\pi41dcg\\Downloads\\UwAmp\\UwAmp\\www\\my-app\\public\\login.php:0, referer: http://localhost/my-app/public/
[Wed Dec 10 13:01:07.928038 2025] [:error] [pid 10700:tid 1428] [client ::1:51450] PHP Parse error:  syntax error, unexpected '?' in C:\\Users\\pi41dcg\\Downloads\\UwAmp\\UwAmp\\www\\my-app\\public\\login.php on line 7, referer: http://localhost/my-app/public/
[Wed Dec 10 13:01:08.510912 2025] [:error] [pid 10700:tid 1428] [client ::1:51450] PHP Parse error:  syntax error, unexpected '?' in C:\\Users\\pi41dcg\\Downloads\\UwAmp\\UwAmp\\www\\my-app\\public\\login.php on line 7, referer: http://localhost/my-app/public/
[Wed Dec 10 13:01:08.735377 2025] [:error] [pid 10700:tid 1428] [client ::1:51450] PHP Parse error:  syntax error, unexpected '?' in C:\\Users\\pi41dcg\\Downloads\\UwAmp\\UwAmp\\www\\my-app\\public\\login.php on line 7, referer: http://localhost/my-app/public/
[Wed Dec 10 13:01:40.255311 2025] [:error] [pid 10700:tid 1428] [client ::1:51451] PHP Notice:  A session had already been started - ignoring session_start() in C:\\Users\\pi41dcg\\Downloads\\UwAmp\\UwAmp\\www\\my-app\\public\\login.php on line 4, referer: http://localhost/my-app/public/
[Wed Dec 10 13:01:40.256316 2025] [:error] [pid 10700:tid 1428] [client ::1:51451] PHP Stack trace:, referer: http://localhost/my-app/public/
[Wed Dec 10 13:01:40.256316 2025] [:error] [pid 10700:tid 1428] [client ::1:51451] PHP   1. {main}() C:\\Users\\pi41dcg\\Downloads\\UwAmp\\UwAmp\\www\\my-app\\public\\login.php:0, referer: http://localhost/my-app/public/
[Wed Dec 10 13:01:40.256316 2025] [:error] [pid 10700:tid 1428] [client ::1:51451] PHP   2. session_start() C:\\Users\\pi41dcg\\Downloads\\UwAmp\\UwAmp\\www\\my-app\\public\\login.php:4, referer: http://localhost/my-app/public/
[Wed Dec 10 13:01:41.034546 2025] [:error] [pid 10700:tid 1428] [client ::1:51451] PHP Notice:  A session had already been started - ignoring session_start() in C:\\Users\\pi41dcg\\Downloads\\UwAmp\\UwAmp\\www\\my-app\\public\\login.php on line 4, referer: http://localhost/my-app/public/
[Wed Dec 10 13:01:41.034546 2025] [:error] [pid 10700:tid 1428] [client ::1:51451] PHP Stack trace:, referer: http://localhost/my-app/public/
[Wed Dec 10 13:01:41.034546 2025] [:error] [pid 10700:tid 1428] [client ::1:51451] PHP   1. {main}() C:\\Users\\pi41dcg\\Downloads\\UwAmp\\UwAmp\\www\\my-app\\public\\login.php:0, referer: http://localhost/my-app/public/
[Wed Dec 10 13:01:41.034546 2025] [:error] [pid 10700:tid 1428] [client ::1:51451] PHP   2. session_start() C:\\Users\\pi41dcg\\Downloads\\UwAmp\\UwAmp\\www\\my-app\\public\\login.php:4, referer: http://localhost/my-app/public/
[Wed Dec 10 13:01:41.220058 2025] [:error] [pid 10700:tid 1428] [client ::1:51451] PHP Notice:  A session had already been started - ignoring session_start() in C:\\Users\\pi41dcg\\Downloads\\UwAmp\\UwAmp\\www\\my-app\\public\\login.php on line 4, referer: http://localhost/my-app/public/
[Wed Dec 10 13:01:41.220058 2025] [:error] [pid 10700:tid 1428] [client ::1:51451] PHP Stack trace:, referer: http://localhost/my-app/public/
[Wed Dec 10 13:01:41.220058 2025] [:error] [pid 10700:tid 1428] [client ::1:51451] PHP   1. {main}() C:\\Users\\pi41dcg\\Downloads\\UwAmp\\UwAmp\\www\\my-app\\public\\login.php:0, referer: http://localhost/my-app/public/
[Wed Dec 10 13:01:41.220058 2025] [:error] [pid 10700:tid 1428] [client ::1:51451] PHP   2. session_start() C:\\Users\\pi41dcg\\Downloads\\UwAmp\\UwAmp\\www\\my-app\\public\\login.php:4, referer: http://localhost/my-app/public/
[Wed Dec 10 13:01:41.382967 2025] [:error] [pid 10700:tid 1428] [client ::1:51451] PHP Notice:  A session had already been started - ignoring session_start() in C:\\Users\\pi41dcg\\Downloads\\UwAmp\\UwAmp\\www\\my-app\\public\\login.php on line 4, referer: http://localhost/my-app/public/
[Wed Dec 10 13:01:41.382967 2025] [:error] [pid 10700:tid 1428] [client ::1:51451] PHP Stack trace:, referer: http://localhost/my-app/public/
[Wed Dec 10 13:01:41.382967 2025] [:error] [pid 10700:tid 1428] [client ::1:51451] PHP   1. {main}() C:\\Users\\pi41dcg\\Downloads\\UwAmp\\UwAmp\\www\\my-app\\public\\login.php:0, referer: http://localhost/my-app/public/
[Wed Dec 10 13:01:41.382967 2025] [:error] [pid 10700:tid 1428] [client ::1:51451] PHP   2. session_start() C:\\Users\\pi41dcg\\Downloads\\UwAmp\\UwAmp\\www\\my-app\\public\\login.php:4, referer: http://localhost/my-app/public/
[Wed Dec 10 13:04:15.067249 2025] [:error] [pid 10700:tid 1428] [client ::1:51580] script 'C:/Users/pi41dcg/Downloads/UwAmp/UwAmp/www/my-app/public/register_process.php' not found or unable to stat, referer: http://localhost/my-app/public/register.php
[Wed Dec 10 13:10:33.556802 2025] [ssl:warn] [pid 14036:tid 772] AH01906: main-serveur:443:0 server certificate is a CA certificate (BasicConstraints: CA == TRUE !?)
[Wed Dec 10 13:10:33.557796 2025] [ssl:warn] [pid 14036:tid 772] AH01909: main-serveur:443:0 server certificate does NOT include an ID which matches the server name
[Wed Dec 10 13:10:33.586087 2025] [core:warn] [pid 14036:tid 772] AH00098: pid file C:/Users/pi41dcg/Documents/GitHub/Innovation241/UwAmp/bin/apache/logs/httpd.pid overwritten -- Unclean shutdown of previous Apache run?
[Wed Dec 10 13:10:33.652849 2025] [ssl:warn] [pid 14036:tid 772] AH01873: Init: Session Cache is not configured [hint: SSLSessionCache]
[Wed Dec 10 13:10:33.652849 2025] [ssl:warn] [pid 14036:tid 772] AH01906: main-serveur:443:0 server certificate is a CA certificate (BasicConstraints: CA == TRUE !?)
[Wed Dec 10 13:10:33.652849 2025] [ssl:warn] [pid 14036:tid 772] AH01909: main-serveur:443:0 server certificate does NOT include an ID which matches the server name
[Wed Dec 10 13:10:33.920326 2025] [mpm_winnt:notice] [pid 14036:tid 772] AH00455: Apache/2.4.18 (Win32) OpenSSL/1.0.2f PHP/5.6.18 configured -- resuming normal operations
[Wed Dec 10 13:10:33.920326 2025] [mpm_winnt:notice] [pid 14036:tid 772] AH00456: Server built: Jan 28 2016 09:58:25
[Wed Dec 10 13:10:33.920326 2025] [core:notice] [pid 14036:tid 772] AH00094: Command line: 'C:\\Users\\pi41dcg\\Documents\\GitHub\\Innovation241\\UwAmp\\bin\\apache\\bin\\httpd.exe -d C:/Users/pi41dcg/Documents/GitHub/Innovation241/UwAmp/bin/apache -f C:\\Users\\pi41dcg\\Documents\\GitHub\\Innovation241\\UwAmp\\bin\\apache\\conf\\httpd.conf'
[Wed Dec 10 13:10:33.920326 2025] [mpm_winnt:notice] [pid 14036:tid 772] AH00418: Parent: Created child process 14292
[Wed Dec 10 13:10:34.486190 2025] [ssl:warn] [pid 14292:tid 764] AH01906: main-serveur:443:0 server certificate is a CA certificate (BasicConstraints: CA == TRUE !?)
[Wed Dec 10 13:10:34.486190 2025] [ssl:warn] [pid 14292:tid 764] AH01909: main-serveur:443:0 server certificate does NOT include an ID which matches the server name
[Wed Dec 10 13:10:34.586853 2025] [ssl:warn] [pid 14292:tid 764] AH01873: Init: Session Cache is not configured [hint: SSLSessionCache]
[Wed Dec 10 13:10:34.586853 2025] [ssl:warn] [pid 14292:tid 764] AH01906: main-serveur:443:0 server certificate is a CA certificate (BasicConstraints: CA == TRUE !?)
[Wed Dec 10 13:10:34.586853 2025] [ssl:warn] [pid 14292:tid 764] AH01909: main-serveur:443:0 server certificate does NOT include an ID which matches the server name
[Wed Dec 10 13:10:34.602533 2025] [mpm_winnt:notice] [pid 14292:tid 764] AH00354: Child: Starting 64 worker threads.
